<?xml version="1.0" encoding="UTF-8"?>
<testsuite name="mantis.tests.RegistrationTests" tests="1" skipped="0" failures="1" errors="0" timestamp="2020-04-04T12:52:20" hostname="LAPTOP-7JK8B82K" time="9.202">
  <properties/>
  <testcase name="testRegistration" classname="mantis.tests.RegistrationTests" time="9.202">
    <failure message="javax.mail.MessagingException: Connect failed;&#10;  nested exception is:&#10;&#9;java.net.ConnectException: Connection refused: connect" type="javax.mail.MessagingException">javax.mail.MessagingException: Connect failed;
  nested exception is:
	java.net.ConnectException: Connection refused: connect
	at com.sun.mail.pop3.POP3Store.protocolConnect(POP3Store.java:210)
	at javax.mail.Service.connect(Service.java:295)
	at javax.mail.Service.connect(Service.java:176)
	at mantis.appmanager.JamesHelper.openInbox(JamesHelper.java:138)
	at mantis.appmanager.JamesHelper.getAllMail(JamesHelper.java:161)
	at mantis.appmanager.JamesHelper.waitForMail(JamesHelper.java:147)
	at mantis.tests.RegistrationTests.testRegistration(RegistrationTests.java:30)
	at sun.reflect.NativeMethodAccessorImpl.invoke0(Native Method)
	at sun.reflect.NativeMethodAccessorImpl.invoke(NativeMethodAccessorImpl.java:62)
	at sun.reflect.DelegatingMethodAccessorImpl.invoke(DelegatingMethodAccessorImpl.java:43)
	at java.lang.reflect.Method.invoke(Method.java:498)
	at org.testng.internal.MethodInvocationHelper.invokeMethod(MethodInvocationHelper.java:134)
	at org.testng.internal.TestInvoker.invokeMethod(TestInvoker.java:597)
	at org.testng.internal.TestInvoker.invokeTestMethod(TestInvoker.java:173)
	at org.testng.internal.MethodRunner.runInSequence(MethodRunner.java:46)
	at org.testng.internal.TestInvoker$MethodInvocationAgent.invoke(TestInvoker.java:816)
	at org.testng.internal.TestInvoker.invokeTestMethods(TestInvoker.java:146)
	at org.testng.internal.TestMethodWorker.invokeTestMethods(TestMethodWorker.java:146)
	at org.testng.internal.TestMethodWorker.run(TestMethodWorker.java:128)
	at java.util.ArrayList.forEach(ArrayList.java:1257)
	at org.testng.TestRunner.privateRun(TestRunner.java:766)
	at org.testng.TestRunner.run(TestRunner.java:587)
	at org.testng.SuiteRunner.runTest(SuiteRunner.java:384)
	at org.testng.SuiteRunner.runSequentially(SuiteRunner.java:378)
	at org.testng.SuiteRunner.privateRun(SuiteRunner.java:337)
	at org.testng.SuiteRunner.run(SuiteRunner.java:286)
	at org.testng.SuiteRunnerWorker.runSuite(SuiteRunnerWorker.java:53)
	at org.testng.SuiteRunnerWorker.run(SuiteRunnerWorker.java:96)
	at org.testng.TestNG.runSuitesSequentially(TestNG.java:1187)
	at org.testng.TestNG.runSuitesLocally(TestNG.java:1109)
	at org.testng.TestNG.runSuites(TestNG.java:1039)
	at org.testng.TestNG.run(TestNG.java:1007)
	at org.gradle.api.internal.tasks.testing.testng.TestNGTestClassProcessor.runTests(TestNGTestClassProcessor.java:141)
	at org.gradle.api.internal.tasks.testing.testng.TestNGTestClassProcessor.stop(TestNGTestClassProcessor.java:90)
	at org.gradle.api.internal.tasks.testing.SuiteTestClassProcessor.stop(SuiteTestClassProcessor.java:61)
	at sun.reflect.NativeMethodAccessorImpl.invoke0(Native Method)
	at sun.reflect.NativeMethodAccessorImpl.invoke(NativeMethodAccessorImpl.java:62)
	at sun.reflect.DelegatingMethodAccessorImpl.invoke(DelegatingMethodAccessorImpl.java:43)
	at java.lang.reflect.Method.invoke(Method.java:498)
	at org.gradle.internal.dispatch.ReflectionDispatch.dispatch(ReflectionDispatch.java:35)
	at org.gradle.internal.dispatch.ReflectionDispatch.dispatch(ReflectionDispatch.java:24)
	at org.gradle.internal.dispatch.ContextClassLoaderDispatch.dispatch(ContextClassLoaderDispatch.java:32)
	at org.gradle.internal.dispatch.ProxyDispatchAdapter$DispatchingInvocationHandler.invoke(ProxyDispatchAdapter.java:93)
	at com.sun.proxy.$Proxy2.stop(Unknown Source)
	at org.gradle.api.internal.tasks.testing.worker.TestWorker.stop(TestWorker.java:132)
	at sun.reflect.NativeMethodAccessorImpl.invoke0(Native Method)
	at sun.reflect.NativeMethodAccessorImpl.invoke(NativeMethodAccessorImpl.java:62)
	at sun.reflect.DelegatingMethodAccessorImpl.invoke(DelegatingMethodAccessorImpl.java:43)
	at java.lang.reflect.Method.invoke(Method.java:498)
	at org.gradle.internal.dispatch.ReflectionDispatch.dispatch(ReflectionDispatch.java:35)
	at org.gradle.internal.dispatch.ReflectionDispatch.dispatch(ReflectionDispatch.java:24)
	at org.gradle.internal.remote.internal.hub.MessageHubBackedObjectConnection$DispatchWrapper.dispatch(MessageHubBackedObjectConnection.java:175)
	at org.gradle.internal.remote.internal.hub.MessageHubBackedObjectConnection$DispatchWrapper.dispatch(MessageHubBackedObjectConnection.java:157)
	at org.gradle.internal.remote.internal.hub.MessageHub$Handler.run(MessageHub.java:404)
	at org.gradle.internal.concurrent.ExecutorPolicy$CatchAndRecordFailures.onExecute(ExecutorPolicy.java:63)
	at org.gradle.internal.concurrent.ManagedExecutorImpl$1.run(ManagedExecutorImpl.java:46)
	at java.util.concurrent.ThreadPoolExecutor.runWorker(ThreadPoolExecutor.java:1149)
	at java.util.concurrent.ThreadPoolExecutor$Worker.run(ThreadPoolExecutor.java:624)
	at org.gradle.internal.concurrent.ThreadFactoryImpl$ManagedThreadRunnable.run(ThreadFactoryImpl.java:55)
	at java.lang.Thread.run(Thread.java:748)
Caused by: java.net.ConnectException: Connection refused: connect
	at java.net.DualStackPlainSocketImpl.connect0(Native Method)
	at java.net.DualStackPlainSocketImpl.socketConnect(DualStackPlainSocketImpl.java:79)
	at java.net.AbstractPlainSocketImpl.doConnect(AbstractPlainSocketImpl.java:350)
	at java.net.AbstractPlainSocketImpl.connectToAddress(AbstractPlainSocketImpl.java:206)
	at java.net.AbstractPlainSocketImpl.connect(AbstractPlainSocketImpl.java:188)
	at java.net.PlainSocketImpl.connect(PlainSocketImpl.java:172)
	at java.net.SocksSocketImpl.connect(SocksSocketImpl.java:392)
	at java.net.Socket.connect(Socket.java:606)
	at java.net.Socket.connect(Socket.java:555)
	at com.sun.mail.util.SocketFetcher.createSocket(SocketFetcher.java:288)
	at com.sun.mail.util.SocketFetcher.getSocket(SocketFetcher.java:231)
	at com.sun.mail.pop3.Protocol.&lt;init&gt;(Protocol.java:107)
	at com.sun.mail.pop3.POP3Store.getPort(POP3Store.java:261)
	at com.sun.mail.pop3.POP3Store.protocolConnect(POP3Store.java:206)
	... 59 more
</failure>
  </testcase>
  <system-out><![CDATA[14:52:20.796 [Test worker] DEBUG org.subethamail.smtp.server.CommandHandler - Added command: AUTH
14:52:20.806 [Test worker] DEBUG org.subethamail.smtp.server.CommandHandler - Added command: DATA
14:52:20.811 [Test worker] DEBUG org.subethamail.smtp.server.CommandHandler - Added command: EHLO
14:52:20.811 [Test worker] DEBUG org.subethamail.smtp.server.CommandHandler - Added command: HELO
14:52:20.811 [Test worker] DEBUG org.subethamail.smtp.server.CommandHandler - Added command: HELP
14:52:20.812 [Test worker] DEBUG org.subethamail.smtp.server.CommandHandler - Added command: MAIL
14:52:20.812 [Test worker] DEBUG org.subethamail.smtp.server.CommandHandler - Added command: NOOP
14:52:20.813 [Test worker] DEBUG org.subethamail.smtp.server.CommandHandler - Added command: QUIT
14:52:20.813 [Test worker] DEBUG org.subethamail.smtp.server.CommandHandler - Added command: RCPT
14:52:20.813 [Test worker] DEBUG org.subethamail.smtp.server.CommandHandler - Added command: RSET
14:52:20.814 [Test worker] DEBUG org.subethamail.smtp.server.CommandHandler - Added command: STARTTLS
14:52:20.814 [Test worker] DEBUG org.subethamail.smtp.server.CommandHandler - Added command: VRFY
14:52:20.814 [Test worker] INFO org.subethamail.smtp.server.SMTPServer - SMTP server *:25 starting
14:52:20.824 [org.subethamail.smtp.server.ServerThread *:25] INFO org.subethamail.smtp.server.ServerThread - SMTP server *:25 started
14:52:22.224 [Test worker] DEBUG io.netty.util.internal.logging.InternalLoggerFactory - Using SLF4J as the default logging framework
14:52:22.226 [Test worker] DEBUG io.netty.util.ResourceLeakDetector - -Dio.netty.leakDetection.level: simple
14:52:22.226 [Test worker] DEBUG io.netty.util.ResourceLeakDetector - -Dio.netty.leakDetection.targetRecords: 4
14:52:22.324 [Test worker] DEBUG io.netty.util.internal.PlatformDependent - Platform: Windows
14:52:22.329 [Test worker] DEBUG io.netty.util.internal.PlatformDependent0 - -Dio.netty.noUnsafe: false
14:52:22.329 [Test worker] DEBUG io.netty.util.internal.PlatformDependent0 - Java version: 8
14:52:22.332 [Test worker] DEBUG io.netty.util.internal.PlatformDependent0 - sun.misc.Unsafe.theUnsafe: available
14:52:22.333 [Test worker] DEBUG io.netty.util.internal.PlatformDependent0 - sun.misc.Unsafe.copyMemory: available
14:52:22.334 [Test worker] DEBUG io.netty.util.internal.PlatformDependent0 - java.nio.Buffer.address: available
14:52:22.335 [Test worker] DEBUG io.netty.util.internal.PlatformDependent0 - direct buffer constructor: available
14:52:22.336 [Test worker] DEBUG io.netty.util.internal.PlatformDependent0 - java.nio.Bits.unaligned: available, true
14:52:22.336 [Test worker] DEBUG io.netty.util.internal.PlatformDependent0 - jdk.internal.misc.Unsafe.allocateUninitializedArray(int): unavailable prior to Java9
14:52:22.336 [Test worker] DEBUG io.netty.util.internal.PlatformDependent0 - java.nio.DirectByteBuffer.<init>(long, int): available
14:52:22.336 [Test worker] DEBUG io.netty.util.internal.PlatformDependent - sun.misc.Unsafe: available
14:52:22.337 [Test worker] DEBUG io.netty.util.internal.PlatformDependent - -Dio.netty.tmpdir: C:\Users\nikit\AppData\Local\Temp (java.io.tmpdir)
14:52:22.337 [Test worker] DEBUG io.netty.util.internal.PlatformDependent - -Dio.netty.bitMode: 64 (sun.arch.data.model)
14:52:22.338 [Test worker] DEBUG io.netty.util.internal.PlatformDependent - -Dio.netty.maxDirectMemory: 477626368 bytes
14:52:22.339 [Test worker] DEBUG io.netty.util.internal.PlatformDependent - -Dio.netty.uninitializedArrayAllocationThreshold: -1
14:52:22.340 [Test worker] DEBUG io.netty.util.internal.CleanerJava6 - java.nio.ByteBuffer.cleaner(): available
14:52:22.340 [Test worker] DEBUG io.netty.util.internal.PlatformDependent - -Dio.netty.noPreferDirect: false
14:52:22.340 [Test worker] DEBUG io.netty.util.ResourceLeakDetectorFactory - Loaded default ResourceLeakDetector: io.netty.util.ResourceLeakDetector@50da4d56
14:52:22.349 [Test worker] DEBUG io.netty.util.internal.PlatformDependent - org.jctools-core.MpscChunkedArrayQueue: available
14:52:22.729 [Test worker] DEBUG io.netty.handler.ssl.JdkSslContext - Default protocols (JDK): [TLSv1.2, TLSv1.1, TLSv1] 
14:52:22.730 [Test worker] DEBUG io.netty.handler.ssl.JdkSslContext - Default cipher suites (JDK): [TLS_ECDHE_ECDSA_WITH_AES_256_GCM_SHA384, TLS_ECDHE_ECDSA_WITH_AES_128_GCM_SHA256, TLS_ECDHE_RSA_WITH_AES_128_GCM_SHA256, TLS_ECDHE_RSA_WITH_AES_256_GCM_SHA384, TLS_ECDHE_RSA_WITH_AES_128_CBC_SHA, TLS_ECDHE_RSA_WITH_AES_256_CBC_SHA, TLS_RSA_WITH_AES_128_GCM_SHA256, TLS_RSA_WITH_AES_128_CBC_SHA, TLS_RSA_WITH_AES_256_CBC_SHA]
14:52:22.757 [Test worker] DEBUG io.netty.util.internal.InternalThreadLocalMap - -Dio.netty.threadLocalMap.stringBuilder.initialSize: 1024
14:52:22.757 [Test worker] DEBUG io.netty.util.internal.InternalThreadLocalMap - -Dio.netty.threadLocalMap.stringBuilder.maxSize: 4096
14:52:22.764 [Test worker] DEBUG io.netty.channel.MultithreadEventLoopGroup - -Dio.netty.eventLoopThreads: 24
14:52:22.771 [Test worker] DEBUG io.netty.channel.nio.NioEventLoop - -Dio.netty.noKeySetOptimization: false
14:52:22.774 [Test worker] DEBUG io.netty.channel.nio.NioEventLoop - -Dio.netty.selectorAutoRebuildThreshold: 512
14:52:22.807 [Test worker] DEBUG io.netty.buffer.PooledByteBufAllocator - -Dio.netty.allocator.numHeapArenas: 4
14:52:22.807 [Test worker] DEBUG io.netty.buffer.PooledByteBufAllocator - -Dio.netty.allocator.numDirectArenas: 4
14:52:22.807 [Test worker] DEBUG io.netty.buffer.PooledByteBufAllocator - -Dio.netty.allocator.pageSize: 8192
14:52:22.807 [Test worker] DEBUG io.netty.buffer.PooledByteBufAllocator - -Dio.netty.allocator.maxOrder: 11
14:52:22.807 [Test worker] DEBUG io.netty.buffer.PooledByteBufAllocator - -Dio.netty.allocator.chunkSize: 16777216
14:52:22.807 [Test worker] DEBUG io.netty.buffer.PooledByteBufAllocator - -Dio.netty.allocator.tinyCacheSize: 512
14:52:22.821 [Test worker] DEBUG io.netty.buffer.PooledByteBufAllocator - -Dio.netty.allocator.smallCacheSize: 256
14:52:22.821 [Test worker] DEBUG io.netty.buffer.PooledByteBufAllocator - -Dio.netty.allocator.normalCacheSize: 64
14:52:22.821 [Test worker] DEBUG io.netty.buffer.PooledByteBufAllocator - -Dio.netty.allocator.maxCachedBufferCapacity: 32768
14:52:22.821 [Test worker] DEBUG io.netty.buffer.PooledByteBufAllocator - -Dio.netty.allocator.cacheTrimInterval: 8192
14:52:22.821 [Test worker] DEBUG io.netty.buffer.PooledByteBufAllocator - -Dio.netty.allocator.cacheTrimIntervalMillis: 0
14:52:22.821 [Test worker] DEBUG io.netty.buffer.PooledByteBufAllocator - -Dio.netty.allocator.useCacheForAllThreads: true
14:52:22.824 [Test worker] DEBUG io.netty.buffer.PooledByteBufAllocator - -Dio.netty.allocator.maxCachedByteBuffersPerChunk: 1023
14:52:22.833 [Test worker] DEBUG io.netty.buffer.ByteBufUtil - -Dio.netty.allocator.type: pooled
14:52:22.833 [Test worker] DEBUG io.netty.buffer.ByteBufUtil - -Dio.netty.threadLocalDirectBufferSize: 0
14:52:22.833 [Test worker] DEBUG io.netty.buffer.ByteBufUtil - -Dio.netty.maxThreadLocalCharBufferSize: 16384
14:52:23.725 [Forwarding newSession on session null to remote] DEBUG io.netty.channel.DefaultChannelId - -Dio.netty.processId: 6764 (auto-detected)
14:52:23.726 [Forwarding newSession on session null to remote] DEBUG io.netty.util.NetUtil - -Djava.net.preferIPv4Stack: false
14:52:23.726 [Forwarding newSession on session null to remote] DEBUG io.netty.util.NetUtil - -Djava.net.preferIPv6Addresses: false
14:52:23.881 [Forwarding newSession on session null to remote] DEBUG io.netty.util.NetUtil - Loopback interface: lo (Software Loopback Interface 1, 127.0.0.1)
14:52:23.882 [Forwarding newSession on session null to remote] DEBUG io.netty.util.NetUtil - Failed to get SOMAXCONN from sysctl and file \proc\sys\net\core\somaxconn. Default: 200
14:52:24.082 [Forwarding newSession on session null to remote] DEBUG io.netty.channel.DefaultChannelId - -Dio.netty.machineId: a8:6d:aa:ff:fe:3c:21:bb (auto-detected)
14:52:24.128 [AsyncHttpClient-3-1] DEBUG io.netty.buffer.AbstractByteBuf - -Dio.netty.buffer.checkAccessible: true
14:52:24.128 [AsyncHttpClient-3-1] DEBUG io.netty.buffer.AbstractByteBuf - -Dio.netty.buffer.checkBounds: true
14:52:24.128 [AsyncHttpClient-3-1] DEBUG io.netty.util.ResourceLeakDetectorFactory - Loaded default ResourceLeakDetector: io.netty.util.ResourceLeakDetector@7afbd474
14:52:24.143 [AsyncHttpClient-3-1] DEBUG org.asynchttpclient.netty.channel.NettyConnectListener - Using new Channel '[id: 0x44c8002c, L:/127.0.0.1:60758 - R:localhost/127.0.0.1:4083]' for 'POST' to '/session'
14:52:24.163 [AsyncHttpClient-3-1] DEBUG io.netty.util.Recycler - -Dio.netty.recycler.maxCapacityPerThread: 4096
14:52:24.163 [AsyncHttpClient-3-1] DEBUG io.netty.util.Recycler - -Dio.netty.recycler.maxSharedCapacityFactor: 2
14:52:24.163 [AsyncHttpClient-3-1] DEBUG io.netty.util.Recycler - -Dio.netty.recycler.linkCapacity: 16
14:52:24.163 [AsyncHttpClient-3-1] DEBUG io.netty.util.Recycler - -Dio.netty.recycler.ratio: 8
14:52:25.688 [AsyncHttpClient-3-1] DEBUG org.asynchttpclient.netty.handler.HttpHandler - 

Request DefaultHttpRequest(decodeResult: success, version: HTTP/1.1)
POST /session HTTP/1.1
User-Agent: selenium/4.0.0-alpha-4 (java windows)
Content-Length: 365
Content-Type: application/json; charset=utf-8
host: localhost:4083
accept: */*

Response DefaultHttpResponse(decodeResult: success, version: HTTP/1.1)
HTTP/1.1 200 OK
Content-Length: 681
Content-Type: application/json; charset=utf-8
cache-control: no-cache

14:52:25.721 [AsyncHttpClient-3-1] DEBUG org.asynchttpclient.netty.channel.ChannelManager - Adding key: http://localhost:4083 for channel [id: 0x44c8002c, L:/127.0.0.1:60758 - R:localhost/127.0.0.1:4083]
14:52:25.878 [AsyncHttpClient-7-1] DEBUG org.asynchttpclient.netty.channel.NettyConnectListener - Using new Channel '[id: 0x9e6b0181, L:/127.0.0.1:60865 - R:localhost/127.0.0.1:60759]' for 'GET' to '/json/version'
14:52:25.883 [AsyncHttpClient-7-1] DEBUG org.asynchttpclient.netty.handler.HttpHandler - 

Request DefaultFullHttpRequest(decodeResult: success, version: HTTP/1.1, content: EmptyByteBufBE)
GET /json/version HTTP/1.1
User-Agent: selenium/4.0.0-alpha-4 (java windows)
host: localhost:60759
accept: */*

Response DefaultHttpResponse(decodeResult: success, version: HTTP/1.1)
HTTP/1.1 200 OK
Content-Length: 426
Content-Type: application/json; charset=UTF-8

14:52:25.884 [AsyncHttpClient-7-1] DEBUG org.asynchttpclient.netty.channel.ChannelManager - Adding key: http://localhost:60759 for channel [id: 0x9e6b0181, L:/127.0.0.1:60865 - R:localhost/127.0.0.1:60759]
14:52:25.900 [Test worker] DEBUG io.netty.util.internal.ThreadLocalRandom - -Dio.netty.initialSeedUniquifier: 0x734c434bdf075d75
14:52:25.907 [AsyncHttpClient-9-1] DEBUG org.asynchttpclient.netty.channel.NettyConnectListener - Using new Channel '[id: 0xe527e6ed, L:/127.0.0.1:60866 - R:localhost/127.0.0.1:60759]' for 'GET' to '/devtools/browser/eff9701c-efd5-4fe3-b099-93250c34c89c'
14:52:25.915 [AsyncHttpClient-9-1] DEBUG org.asynchttpclient.netty.handler.WebSocketHandler - 

Request DefaultFullHttpRequest(decodeResult: success, version: HTTP/1.1, content: EmptyByteBufBE)
GET /devtools/browser/eff9701c-efd5-4fe3-b099-93250c34c89c HTTP/1.1
upgrade: websocket
connection: upgrade
sec-websocket-key: FdYisFzO/7lh86VsAuRlug==
sec-websocket-version: 13
origin: http://localhost:60759
host: localhost:60759
accept: */*
user-agent: AHC/2.1

Response DefaultHttpResponse(decodeResult: success, version: HTTP/1.1)
HTTP/1.1 101 WebSocket Protocol Handshake
Upgrade: WebSocket
Connection: Upgrade
Sec-WebSocket-Accept: ZLAM6z+UDDZAn7NaprfZ0sfYIK8=

14:52:25.942 [Forwarding setTimeout on session af9cd261925205f15776e459b5a26d85 to remote] DEBUG org.asynchttpclient.netty.request.NettyRequestSender - Using pooled Channel '[id: 0x44c8002c, L:/127.0.0.1:60758 - R:localhost/127.0.0.1:4083]' for 'POST' to 'http://localhost:4083/session/af9cd261925205f15776e459b5a26d85/timeouts'
14:52:25.946 [Forwarding setTimeout on session af9cd261925205f15776e459b5a26d85 to remote] DEBUG org.asynchttpclient.netty.request.NettyRequestSender - Using open Channel [id: 0x44c8002c, L:/127.0.0.1:60758 - R:localhost/127.0.0.1:4083] for POST '/session/af9cd261925205f15776e459b5a26d85/timeouts'
14:52:25.955 [AsyncHttpClient-3-1] DEBUG org.asynchttpclient.netty.handler.HttpHandler - 

Request DefaultHttpRequest(decodeResult: success, version: HTTP/1.1)
POST /session/af9cd261925205f15776e459b5a26d85/timeouts HTTP/1.1
User-Agent: selenium/4.0.0-alpha-4 (java windows)
Content-Length: 19
Content-Type: application/json; charset=utf-8
host: localhost:4083
accept: */*

Response DefaultHttpResponse(decodeResult: success, version: HTTP/1.1)
HTTP/1.1 200 OK
Content-Length: 14
Content-Type: application/json; charset=utf-8
cache-control: no-cache

14:52:25.955 [AsyncHttpClient-3-1] DEBUG org.asynchttpclient.netty.channel.ChannelManager - Adding key: http://localhost:4083 for channel [id: 0x44c8002c, L:/127.0.0.1:60758 - R:localhost/127.0.0.1:4083]
14:52:25.962 [Forwarding get on session af9cd261925205f15776e459b5a26d85 to remote] DEBUG org.asynchttpclient.netty.request.NettyRequestSender - Using pooled Channel '[id: 0x44c8002c, L:/127.0.0.1:60758 - R:localhost/127.0.0.1:4083]' for 'POST' to 'http://localhost:4083/session/af9cd261925205f15776e459b5a26d85/url'
14:52:25.962 [Forwarding get on session af9cd261925205f15776e459b5a26d85 to remote] DEBUG org.asynchttpclient.netty.request.NettyRequestSender - Using open Channel [id: 0x44c8002c, L:/127.0.0.1:60758 - R:localhost/127.0.0.1:4083] for POST '/session/af9cd261925205f15776e459b5a26d85/url'
14:52:26.894 [AsyncHttpClient-timer-6-1] DEBUG org.asynchttpclient.netty.channel.DefaultChannelPool - Entry count for : http://localhost:60759 : 1
14:52:26.965 [AsyncHttpClient-3-1] DEBUG org.asynchttpclient.netty.handler.HttpHandler - 

Request DefaultHttpRequest(decodeResult: success, version: HTTP/1.1)
POST /session/af9cd261925205f15776e459b5a26d85/url HTTP/1.1
User-Agent: selenium/4.0.0-alpha-4 (java windows)
Content-Length: 68
Content-Type: application/json; charset=utf-8
host: localhost:4083
accept: */*

Response DefaultHttpResponse(decodeResult: success, version: HTTP/1.1)
HTTP/1.1 200 OK
Content-Length: 14
Content-Type: application/json; charset=utf-8
cache-control: no-cache

14:52:26.966 [AsyncHttpClient-3-1] DEBUG org.asynchttpclient.netty.channel.ChannelManager - Adding key: http://localhost:4083 for channel [id: 0x44c8002c, L:/127.0.0.1:60758 - R:localhost/127.0.0.1:4083]
14:52:26.968 [Forwarding get on session af9cd261925205f15776e459b5a26d85 to remote] DEBUG org.asynchttpclient.netty.request.NettyRequestSender - Using pooled Channel '[id: 0x44c8002c, L:/127.0.0.1:60758 - R:localhost/127.0.0.1:4083]' for 'POST' to 'http://localhost:4083/session/af9cd261925205f15776e459b5a26d85/url'
14:52:26.968 [Forwarding get on session af9cd261925205f15776e459b5a26d85 to remote] DEBUG org.asynchttpclient.netty.request.NettyRequestSender - Using open Channel [id: 0x44c8002c, L:/127.0.0.1:60758 - R:localhost/127.0.0.1:4083] for POST '/session/af9cd261925205f15776e459b5a26d85/url'
14:52:27.348 [AsyncHttpClient-3-1] DEBUG org.asynchttpclient.netty.handler.HttpHandler - 

Request DefaultHttpRequest(decodeResult: success, version: HTTP/1.1)
POST /session/af9cd261925205f15776e459b5a26d85/url HTTP/1.1
User-Agent: selenium/4.0.0-alpha-4 (java windows)
Content-Length: 89
Content-Type: application/json; charset=utf-8
host: localhost:4083
accept: */*

Response DefaultHttpResponse(decodeResult: success, version: HTTP/1.1)
HTTP/1.1 200 OK
Content-Length: 14
Content-Type: application/json; charset=utf-8
cache-control: no-cache

14:52:27.349 [AsyncHttpClient-3-1] DEBUG org.asynchttpclient.netty.channel.ChannelManager - Adding key: http://localhost:4083 for channel [id: 0x44c8002c, L:/127.0.0.1:60758 - R:localhost/127.0.0.1:4083]
14:52:27.367 [Forwarding findElement on session af9cd261925205f15776e459b5a26d85 to remote] DEBUG org.asynchttpclient.netty.request.NettyRequestSender - Using pooled Channel '[id: 0x44c8002c, L:/127.0.0.1:60758 - R:localhost/127.0.0.1:4083]' for 'POST' to 'http://localhost:4083/session/af9cd261925205f15776e459b5a26d85/element'
14:52:27.367 [Forwarding findElement on session af9cd261925205f15776e459b5a26d85 to remote] DEBUG org.asynchttpclient.netty.request.NettyRequestSender - Using open Channel [id: 0x44c8002c, L:/127.0.0.1:60758 - R:localhost/127.0.0.1:4083] for POST '/session/af9cd261925205f15776e459b5a26d85/element'
14:52:27.395 [AsyncHttpClient-3-1] DEBUG org.asynchttpclient.netty.handler.HttpHandler - 

Request DefaultHttpRequest(decodeResult: success, version: HTTP/1.1)
POST /session/af9cd261925205f15776e459b5a26d85/element HTTP/1.1
User-Agent: selenium/4.0.0-alpha-4 (java windows)
Content-Length: 62
Content-Type: application/json; charset=utf-8
host: localhost:4083
accept: */*

Response DefaultHttpResponse(decodeResult: success, version: HTTP/1.1)
HTTP/1.1 200 OK
Content-Length: 88
Content-Type: application/json; charset=utf-8
cache-control: no-cache

14:52:27.395 [AsyncHttpClient-3-1] DEBUG org.asynchttpclient.netty.channel.ChannelManager - Adding key: http://localhost:4083 for channel [id: 0x44c8002c, L:/127.0.0.1:60758 - R:localhost/127.0.0.1:4083]
14:52:27.405 [Forwarding clickElement on session af9cd261925205f15776e459b5a26d85 to remote] DEBUG org.asynchttpclient.netty.request.NettyRequestSender - Using pooled Channel '[id: 0x44c8002c, L:/127.0.0.1:60758 - R:localhost/127.0.0.1:4083]' for 'POST' to 'http://localhost:4083/session/af9cd261925205f15776e459b5a26d85/element/dd95bc95-a654-4ec1-a45e-627947475879/click'
14:52:27.405 [Forwarding clickElement on session af9cd261925205f15776e459b5a26d85 to remote] DEBUG org.asynchttpclient.netty.request.NettyRequestSender - Using open Channel [id: 0x44c8002c, L:/127.0.0.1:60758 - R:localhost/127.0.0.1:4083] for POST '/session/af9cd261925205f15776e459b5a26d85/element/dd95bc95-a654-4ec1-a45e-627947475879/click'
14:52:27.488 [AsyncHttpClient-3-1] DEBUG org.asynchttpclient.netty.handler.HttpHandler - 

Request DefaultHttpRequest(decodeResult: success, version: HTTP/1.1)
POST /session/af9cd261925205f15776e459b5a26d85/element/dd95bc95-a654-4ec1-a45e-627947475879/click HTTP/1.1
User-Agent: selenium/4.0.0-alpha-4 (java windows)
Content-Length: 50
Content-Type: application/json; charset=utf-8
host: localhost:4083
accept: */*

Response DefaultHttpResponse(decodeResult: success, version: HTTP/1.1)
HTTP/1.1 200 OK
Content-Length: 14
Content-Type: application/json; charset=utf-8
cache-control: no-cache

14:52:27.488 [AsyncHttpClient-3-1] DEBUG org.asynchttpclient.netty.channel.ChannelManager - Adding key: http://localhost:4083 for channel [id: 0x44c8002c, L:/127.0.0.1:60758 - R:localhost/127.0.0.1:4083]
14:52:27.489 [Forwarding findElement on session af9cd261925205f15776e459b5a26d85 to remote] DEBUG org.asynchttpclient.netty.request.NettyRequestSender - Using pooled Channel '[id: 0x44c8002c, L:/127.0.0.1:60758 - R:localhost/127.0.0.1:4083]' for 'POST' to 'http://localhost:4083/session/af9cd261925205f15776e459b5a26d85/element'
14:52:27.489 [Forwarding findElement on session af9cd261925205f15776e459b5a26d85 to remote] DEBUG org.asynchttpclient.netty.request.NettyRequestSender - Using open Channel [id: 0x44c8002c, L:/127.0.0.1:60758 - R:localhost/127.0.0.1:4083] for POST '/session/af9cd261925205f15776e459b5a26d85/element'
14:52:27.506 [AsyncHttpClient-3-1] DEBUG org.asynchttpclient.netty.handler.HttpHandler - 

Request DefaultHttpRequest(decodeResult: success, version: HTTP/1.1)
POST /session/af9cd261925205f15776e459b5a26d85/element HTTP/1.1
User-Agent: selenium/4.0.0-alpha-4 (java windows)
Content-Length: 62
Content-Type: application/json; charset=utf-8
host: localhost:4083
accept: */*

Response DefaultHttpResponse(decodeResult: success, version: HTTP/1.1)
HTTP/1.1 200 OK
Content-Length: 88
Content-Type: application/json; charset=utf-8
cache-control: no-cache

14:52:27.507 [AsyncHttpClient-3-1] DEBUG org.asynchttpclient.netty.channel.ChannelManager - Adding key: http://localhost:4083 for channel [id: 0x44c8002c, L:/127.0.0.1:60758 - R:localhost/127.0.0.1:4083]
14:52:27.543 [Forwarding getElementAttribute on session af9cd261925205f15776e459b5a26d85 to remote] DEBUG org.asynchttpclient.netty.request.NettyRequestSender - Using pooled Channel '[id: 0x44c8002c, L:/127.0.0.1:60758 - R:localhost/127.0.0.1:4083]' for 'POST' to 'http://localhost:4083/session/af9cd261925205f15776e459b5a26d85/execute/sync'
14:52:27.543 [Forwarding getElementAttribute on session af9cd261925205f15776e459b5a26d85 to remote] DEBUG org.asynchttpclient.netty.request.NettyRequestSender - Using open Channel [id: 0x44c8002c, L:/127.0.0.1:60758 - R:localhost/127.0.0.1:4083] for POST '/session/af9cd261925205f15776e459b5a26d85/execute/sync'
14:52:27.569 [AsyncHttpClient-3-1] DEBUG org.asynchttpclient.netty.handler.HttpHandler - 

Request DefaultHttpRequest(decodeResult: success, version: HTTP/1.1)
POST /session/af9cd261925205f15776e459b5a26d85/execute/sync HTTP/1.1
User-Agent: selenium/4.0.0-alpha-4 (java windows)
Content-Length: 39635
Content-Type: application/json; charset=utf-8
host: localhost:4083
accept: */*

Response DefaultHttpResponse(decodeResult: success, version: HTTP/1.1)
HTTP/1.1 200 OK
Content-Length: 12
Content-Type: application/json; charset=utf-8
cache-control: no-cache

14:52:27.569 [AsyncHttpClient-3-1] DEBUG org.asynchttpclient.netty.channel.ChannelManager - Adding key: http://localhost:4083 for channel [id: 0x44c8002c, L:/127.0.0.1:60758 - R:localhost/127.0.0.1:4083]
14:52:27.571 [Forwarding findElement on session af9cd261925205f15776e459b5a26d85 to remote] DEBUG org.asynchttpclient.netty.request.NettyRequestSender - Using pooled Channel '[id: 0x44c8002c, L:/127.0.0.1:60758 - R:localhost/127.0.0.1:4083]' for 'POST' to 'http://localhost:4083/session/af9cd261925205f15776e459b5a26d85/element'
14:52:27.571 [Forwarding findElement on session af9cd261925205f15776e459b5a26d85 to remote] DEBUG org.asynchttpclient.netty.request.NettyRequestSender - Using open Channel [id: 0x44c8002c, L:/127.0.0.1:60758 - R:localhost/127.0.0.1:4083] for POST '/session/af9cd261925205f15776e459b5a26d85/element'
14:52:27.589 [AsyncHttpClient-3-1] DEBUG org.asynchttpclient.netty.handler.HttpHandler - 

Request DefaultHttpRequest(decodeResult: success, version: HTTP/1.1)
POST /session/af9cd261925205f15776e459b5a26d85/element HTTP/1.1
User-Agent: selenium/4.0.0-alpha-4 (java windows)
Content-Length: 62
Content-Type: application/json; charset=utf-8
host: localhost:4083
accept: */*

Response DefaultHttpResponse(decodeResult: success, version: HTTP/1.1)
HTTP/1.1 200 OK
Content-Length: 88
Content-Type: application/json; charset=utf-8
cache-control: no-cache

14:52:27.589 [AsyncHttpClient-3-1] DEBUG org.asynchttpclient.netty.channel.ChannelManager - Adding key: http://localhost:4083 for channel [id: 0x44c8002c, L:/127.0.0.1:60758 - R:localhost/127.0.0.1:4083]
14:52:27.592 [Forwarding clearElement on session af9cd261925205f15776e459b5a26d85 to remote] DEBUG org.asynchttpclient.netty.request.NettyRequestSender - Using pooled Channel '[id: 0x44c8002c, L:/127.0.0.1:60758 - R:localhost/127.0.0.1:4083]' for 'POST' to 'http://localhost:4083/session/af9cd261925205f15776e459b5a26d85/element/dd95bc95-a654-4ec1-a45e-627947475879/clear'
14:52:27.592 [Forwarding clearElement on session af9cd261925205f15776e459b5a26d85 to remote] DEBUG org.asynchttpclient.netty.request.NettyRequestSender - Using open Channel [id: 0x44c8002c, L:/127.0.0.1:60758 - R:localhost/127.0.0.1:4083] for POST '/session/af9cd261925205f15776e459b5a26d85/element/dd95bc95-a654-4ec1-a45e-627947475879/clear'
14:52:27.637 [AsyncHttpClient-3-1] DEBUG org.asynchttpclient.netty.handler.HttpHandler - 

Request DefaultHttpRequest(decodeResult: success, version: HTTP/1.1)
POST /session/af9cd261925205f15776e459b5a26d85/element/dd95bc95-a654-4ec1-a45e-627947475879/clear HTTP/1.1
User-Agent: selenium/4.0.0-alpha-4 (java windows)
Content-Length: 50
Content-Type: application/json; charset=utf-8
host: localhost:4083
accept: */*

Response DefaultHttpResponse(decodeResult: success, version: HTTP/1.1)
HTTP/1.1 200 OK
Content-Length: 14
Content-Type: application/json; charset=utf-8
cache-control: no-cache

14:52:27.637 [AsyncHttpClient-3-1] DEBUG org.asynchttpclient.netty.channel.ChannelManager - Adding key: http://localhost:4083 for channel [id: 0x44c8002c, L:/127.0.0.1:60758 - R:localhost/127.0.0.1:4083]
14:52:27.640 [Forwarding findElement on session af9cd261925205f15776e459b5a26d85 to remote] DEBUG org.asynchttpclient.netty.request.NettyRequestSender - Using pooled Channel '[id: 0x44c8002c, L:/127.0.0.1:60758 - R:localhost/127.0.0.1:4083]' for 'POST' to 'http://localhost:4083/session/af9cd261925205f15776e459b5a26d85/element'
14:52:27.640 [Forwarding findElement on session af9cd261925205f15776e459b5a26d85 to remote] DEBUG org.asynchttpclient.netty.request.NettyRequestSender - Using open Channel [id: 0x44c8002c, L:/127.0.0.1:60758 - R:localhost/127.0.0.1:4083] for POST '/session/af9cd261925205f15776e459b5a26d85/element'
14:52:27.654 [AsyncHttpClient-3-1] DEBUG org.asynchttpclient.netty.handler.HttpHandler - 

Request DefaultHttpRequest(decodeResult: success, version: HTTP/1.1)
POST /session/af9cd261925205f15776e459b5a26d85/element HTTP/1.1
User-Agent: selenium/4.0.0-alpha-4 (java windows)
Content-Length: 62
Content-Type: application/json; charset=utf-8
host: localhost:4083
accept: */*

Response DefaultHttpResponse(decodeResult: success, version: HTTP/1.1)
HTTP/1.1 200 OK
Content-Length: 88
Content-Type: application/json; charset=utf-8
cache-control: no-cache

14:52:27.654 [AsyncHttpClient-3-1] DEBUG org.asynchttpclient.netty.channel.ChannelManager - Adding key: http://localhost:4083 for channel [id: 0x44c8002c, L:/127.0.0.1:60758 - R:localhost/127.0.0.1:4083]
14:52:27.661 [Forwarding sendKeysToElement on session af9cd261925205f15776e459b5a26d85 to remote] DEBUG org.asynchttpclient.netty.request.NettyRequestSender - Using pooled Channel '[id: 0x44c8002c, L:/127.0.0.1:60758 - R:localhost/127.0.0.1:4083]' for 'POST' to 'http://localhost:4083/session/af9cd261925205f15776e459b5a26d85/element/dd95bc95-a654-4ec1-a45e-627947475879/value'
14:52:27.661 [Forwarding sendKeysToElement on session af9cd261925205f15776e459b5a26d85 to remote] DEBUG org.asynchttpclient.netty.request.NettyRequestSender - Using open Channel [id: 0x44c8002c, L:/127.0.0.1:60758 - R:localhost/127.0.0.1:4083] for POST '/session/af9cd261925205f15776e459b5a26d85/element/dd95bc95-a654-4ec1-a45e-627947475879/value'
14:52:27.811 [AsyncHttpClient-3-1] DEBUG org.asynchttpclient.netty.handler.HttpHandler - 

Request DefaultHttpRequest(decodeResult: success, version: HTTP/1.1)
POST /session/af9cd261925205f15776e459b5a26d85/element/dd95bc95-a654-4ec1-a45e-627947475879/value HTTP/1.1
User-Agent: selenium/4.0.0-alpha-4 (java windows)
Content-Length: 251
Content-Type: application/json; charset=utf-8
host: localhost:4083
accept: */*

Response DefaultHttpResponse(decodeResult: success, version: HTTP/1.1)
HTTP/1.1 200 OK
Content-Length: 14
Content-Type: application/json; charset=utf-8
cache-control: no-cache

14:52:27.813 [AsyncHttpClient-3-1] DEBUG org.asynchttpclient.netty.channel.ChannelManager - Adding key: http://localhost:4083 for channel [id: 0x44c8002c, L:/127.0.0.1:60758 - R:localhost/127.0.0.1:4083]
14:52:27.814 [Forwarding findElement on session af9cd261925205f15776e459b5a26d85 to remote] DEBUG org.asynchttpclient.netty.request.NettyRequestSender - Using pooled Channel '[id: 0x44c8002c, L:/127.0.0.1:60758 - R:localhost/127.0.0.1:4083]' for 'POST' to 'http://localhost:4083/session/af9cd261925205f15776e459b5a26d85/element'
14:52:27.814 [Forwarding findElement on session af9cd261925205f15776e459b5a26d85 to remote] DEBUG org.asynchttpclient.netty.request.NettyRequestSender - Using open Channel [id: 0x44c8002c, L:/127.0.0.1:60758 - R:localhost/127.0.0.1:4083] for POST '/session/af9cd261925205f15776e459b5a26d85/element'
14:52:27.835 [AsyncHttpClient-3-1] DEBUG org.asynchttpclient.netty.handler.HttpHandler - 

Request DefaultHttpRequest(decodeResult: success, version: HTTP/1.1)
POST /session/af9cd261925205f15776e459b5a26d85/element HTTP/1.1
User-Agent: selenium/4.0.0-alpha-4 (java windows)
Content-Length: 59
Content-Type: application/json; charset=utf-8
host: localhost:4083
accept: */*

Response DefaultHttpResponse(decodeResult: success, version: HTTP/1.1)
HTTP/1.1 200 OK
Content-Length: 88
Content-Type: application/json; charset=utf-8
cache-control: no-cache

14:52:27.836 [AsyncHttpClient-3-1] DEBUG org.asynchttpclient.netty.channel.ChannelManager - Adding key: http://localhost:4083 for channel [id: 0x44c8002c, L:/127.0.0.1:60758 - R:localhost/127.0.0.1:4083]
14:52:27.836 [Forwarding clickElement on session af9cd261925205f15776e459b5a26d85 to remote] DEBUG org.asynchttpclient.netty.request.NettyRequestSender - Using pooled Channel '[id: 0x44c8002c, L:/127.0.0.1:60758 - R:localhost/127.0.0.1:4083]' for 'POST' to 'http://localhost:4083/session/af9cd261925205f15776e459b5a26d85/element/917aba44-8c0a-4f3b-9a3e-1dfe497d32d7/click'
14:52:27.836 [Forwarding clickElement on session af9cd261925205f15776e459b5a26d85 to remote] DEBUG org.asynchttpclient.netty.request.NettyRequestSender - Using open Channel [id: 0x44c8002c, L:/127.0.0.1:60758 - R:localhost/127.0.0.1:4083] for POST '/session/af9cd261925205f15776e459b5a26d85/element/917aba44-8c0a-4f3b-9a3e-1dfe497d32d7/click'
14:52:27.937 [AsyncHttpClient-3-1] DEBUG org.asynchttpclient.netty.handler.HttpHandler - 

Request DefaultHttpRequest(decodeResult: success, version: HTTP/1.1)
POST /session/af9cd261925205f15776e459b5a26d85/element/917aba44-8c0a-4f3b-9a3e-1dfe497d32d7/click HTTP/1.1
User-Agent: selenium/4.0.0-alpha-4 (java windows)
Content-Length: 50
Content-Type: application/json; charset=utf-8
host: localhost:4083
accept: */*

Response DefaultHttpResponse(decodeResult: success, version: HTTP/1.1)
HTTP/1.1 200 OK
Content-Length: 14
Content-Type: application/json; charset=utf-8
cache-control: no-cache

14:52:27.938 [AsyncHttpClient-3-1] DEBUG org.asynchttpclient.netty.channel.ChannelManager - Adding key: http://localhost:4083 for channel [id: 0x44c8002c, L:/127.0.0.1:60758 - R:localhost/127.0.0.1:4083]
14:52:27.941 [Forwarding findElement on session af9cd261925205f15776e459b5a26d85 to remote] DEBUG org.asynchttpclient.netty.request.NettyRequestSender - Using pooled Channel '[id: 0x44c8002c, L:/127.0.0.1:60758 - R:localhost/127.0.0.1:4083]' for 'POST' to 'http://localhost:4083/session/af9cd261925205f15776e459b5a26d85/element'
14:52:27.942 [Forwarding findElement on session af9cd261925205f15776e459b5a26d85 to remote] DEBUG org.asynchttpclient.netty.request.NettyRequestSender - Using open Channel [id: 0x44c8002c, L:/127.0.0.1:60758 - R:localhost/127.0.0.1:4083] for POST '/session/af9cd261925205f15776e459b5a26d85/element'
14:52:27.963 [AsyncHttpClient-3-1] DEBUG org.asynchttpclient.netty.handler.HttpHandler - 

Request DefaultHttpRequest(decodeResult: success, version: HTTP/1.1)
POST /session/af9cd261925205f15776e459b5a26d85/element HTTP/1.1
User-Agent: selenium/4.0.0-alpha-4 (java windows)
Content-Length: 59
Content-Type: application/json; charset=utf-8
host: localhost:4083
accept: */*

Response DefaultHttpResponse(decodeResult: success, version: HTTP/1.1)
HTTP/1.1 200 OK
Content-Length: 88
Content-Type: application/json; charset=utf-8
cache-control: no-cache

14:52:27.963 [AsyncHttpClient-3-1] DEBUG org.asynchttpclient.netty.channel.ChannelManager - Adding key: http://localhost:4083 for channel [id: 0x44c8002c, L:/127.0.0.1:60758 - R:localhost/127.0.0.1:4083]
14:52:27.984 [Forwarding getElementAttribute on session af9cd261925205f15776e459b5a26d85 to remote] DEBUG org.asynchttpclient.netty.request.NettyRequestSender - Using pooled Channel '[id: 0x44c8002c, L:/127.0.0.1:60758 - R:localhost/127.0.0.1:4083]' for 'POST' to 'http://localhost:4083/session/af9cd261925205f15776e459b5a26d85/execute/sync'
14:52:27.984 [Forwarding getElementAttribute on session af9cd261925205f15776e459b5a26d85 to remote] DEBUG org.asynchttpclient.netty.request.NettyRequestSender - Using open Channel [id: 0x44c8002c, L:/127.0.0.1:60758 - R:localhost/127.0.0.1:4083] for POST '/session/af9cd261925205f15776e459b5a26d85/execute/sync'
14:52:27.993 [AsyncHttpClient-timer-6-1] DEBUG org.asynchttpclient.netty.channel.DefaultChannelPool - Entry count for : http://localhost:60759 : 1
14:52:28.023 [AsyncHttpClient-3-1] DEBUG org.asynchttpclient.netty.handler.HttpHandler - 

Request DefaultHttpRequest(decodeResult: success, version: HTTP/1.1)
POST /session/af9cd261925205f15776e459b5a26d85/execute/sync HTTP/1.1
User-Agent: selenium/4.0.0-alpha-4 (java windows)
Content-Length: 39635
Content-Type: application/json; charset=utf-8
host: localhost:4083
accept: */*

Response DefaultHttpResponse(decodeResult: success, version: HTTP/1.1)
HTTP/1.1 200 OK
Content-Length: 12
Content-Type: application/json; charset=utf-8
cache-control: no-cache

14:52:28.024 [AsyncHttpClient-3-1] DEBUG org.asynchttpclient.netty.channel.ChannelManager - Adding key: http://localhost:4083 for channel [id: 0x44c8002c, L:/127.0.0.1:60758 - R:localhost/127.0.0.1:4083]
14:52:28.025 [Forwarding findElement on session af9cd261925205f15776e459b5a26d85 to remote] DEBUG org.asynchttpclient.netty.request.NettyRequestSender - Using pooled Channel '[id: 0x44c8002c, L:/127.0.0.1:60758 - R:localhost/127.0.0.1:4083]' for 'POST' to 'http://localhost:4083/session/af9cd261925205f15776e459b5a26d85/element'
14:52:28.025 [Forwarding findElement on session af9cd261925205f15776e459b5a26d85 to remote] DEBUG org.asynchttpclient.netty.request.NettyRequestSender - Using open Channel [id: 0x44c8002c, L:/127.0.0.1:60758 - R:localhost/127.0.0.1:4083] for POST '/session/af9cd261925205f15776e459b5a26d85/element'
14:52:28.045 [AsyncHttpClient-3-1] DEBUG org.asynchttpclient.netty.handler.HttpHandler - 

Request DefaultHttpRequest(decodeResult: success, version: HTTP/1.1)
POST /session/af9cd261925205f15776e459b5a26d85/element HTTP/1.1
User-Agent: selenium/4.0.0-alpha-4 (java windows)
Content-Length: 59
Content-Type: application/json; charset=utf-8
host: localhost:4083
accept: */*

Response DefaultHttpResponse(decodeResult: success, version: HTTP/1.1)
HTTP/1.1 200 OK
Content-Length: 88
Content-Type: application/json; charset=utf-8
cache-control: no-cache

14:52:28.045 [AsyncHttpClient-3-1] DEBUG org.asynchttpclient.netty.channel.ChannelManager - Adding key: http://localhost:4083 for channel [id: 0x44c8002c, L:/127.0.0.1:60758 - R:localhost/127.0.0.1:4083]
14:52:28.050 [Forwarding clearElement on session af9cd261925205f15776e459b5a26d85 to remote] DEBUG org.asynchttpclient.netty.request.NettyRequestSender - Using pooled Channel '[id: 0x44c8002c, L:/127.0.0.1:60758 - R:localhost/127.0.0.1:4083]' for 'POST' to 'http://localhost:4083/session/af9cd261925205f15776e459b5a26d85/element/917aba44-8c0a-4f3b-9a3e-1dfe497d32d7/clear'
14:52:28.050 [Forwarding clearElement on session af9cd261925205f15776e459b5a26d85 to remote] DEBUG org.asynchttpclient.netty.request.NettyRequestSender - Using open Channel [id: 0x44c8002c, L:/127.0.0.1:60758 - R:localhost/127.0.0.1:4083] for POST '/session/af9cd261925205f15776e459b5a26d85/element/917aba44-8c0a-4f3b-9a3e-1dfe497d32d7/clear'
14:52:28.104 [AsyncHttpClient-3-1] DEBUG org.asynchttpclient.netty.handler.HttpHandler - 

Request DefaultHttpRequest(decodeResult: success, version: HTTP/1.1)
POST /session/af9cd261925205f15776e459b5a26d85/element/917aba44-8c0a-4f3b-9a3e-1dfe497d32d7/clear HTTP/1.1
User-Agent: selenium/4.0.0-alpha-4 (java windows)
Content-Length: 50
Content-Type: application/json; charset=utf-8
host: localhost:4083
accept: */*

Response DefaultHttpResponse(decodeResult: success, version: HTTP/1.1)
HTTP/1.1 200 OK
Content-Length: 14
Content-Type: application/json; charset=utf-8
cache-control: no-cache

14:52:28.105 [AsyncHttpClient-3-1] DEBUG org.asynchttpclient.netty.channel.ChannelManager - Adding key: http://localhost:4083 for channel [id: 0x44c8002c, L:/127.0.0.1:60758 - R:localhost/127.0.0.1:4083]
14:52:28.106 [Forwarding findElement on session af9cd261925205f15776e459b5a26d85 to remote] DEBUG org.asynchttpclient.netty.request.NettyRequestSender - Using pooled Channel '[id: 0x44c8002c, L:/127.0.0.1:60758 - R:localhost/127.0.0.1:4083]' for 'POST' to 'http://localhost:4083/session/af9cd261925205f15776e459b5a26d85/element'
14:52:28.106 [Forwarding findElement on session af9cd261925205f15776e459b5a26d85 to remote] DEBUG org.asynchttpclient.netty.request.NettyRequestSender - Using open Channel [id: 0x44c8002c, L:/127.0.0.1:60758 - R:localhost/127.0.0.1:4083] for POST '/session/af9cd261925205f15776e459b5a26d85/element'
14:52:28.125 [AsyncHttpClient-3-1] DEBUG org.asynchttpclient.netty.handler.HttpHandler - 

Request DefaultHttpRequest(decodeResult: success, version: HTTP/1.1)
POST /session/af9cd261925205f15776e459b5a26d85/element HTTP/1.1
User-Agent: selenium/4.0.0-alpha-4 (java windows)
Content-Length: 59
Content-Type: application/json; charset=utf-8
host: localhost:4083
accept: */*

Response DefaultHttpResponse(decodeResult: success, version: HTTP/1.1)
HTTP/1.1 200 OK
Content-Length: 88
Content-Type: application/json; charset=utf-8
cache-control: no-cache

14:52:28.125 [AsyncHttpClient-3-1] DEBUG org.asynchttpclient.netty.channel.ChannelManager - Adding key: http://localhost:4083 for channel [id: 0x44c8002c, L:/127.0.0.1:60758 - R:localhost/127.0.0.1:4083]
14:52:28.129 [Forwarding sendKeysToElement on session af9cd261925205f15776e459b5a26d85 to remote] DEBUG org.asynchttpclient.netty.request.NettyRequestSender - Using pooled Channel '[id: 0x44c8002c, L:/127.0.0.1:60758 - R:localhost/127.0.0.1:4083]' for 'POST' to 'http://localhost:4083/session/af9cd261925205f15776e459b5a26d85/element/917aba44-8c0a-4f3b-9a3e-1dfe497d32d7/value'
14:52:28.129 [Forwarding sendKeysToElement on session af9cd261925205f15776e459b5a26d85 to remote] DEBUG org.asynchttpclient.netty.request.NettyRequestSender - Using open Channel [id: 0x44c8002c, L:/127.0.0.1:60758 - R:localhost/127.0.0.1:4083] for POST '/session/af9cd261925205f15776e459b5a26d85/element/917aba44-8c0a-4f3b-9a3e-1dfe497d32d7/value'
14:52:28.359 [AsyncHttpClient-3-1] DEBUG org.asynchttpclient.netty.handler.HttpHandler - 

Request DefaultHttpRequest(decodeResult: success, version: HTTP/1.1)
POST /session/af9cd261925205f15776e459b5a26d85/element/917aba44-8c0a-4f3b-9a3e-1dfe497d32d7/value HTTP/1.1
User-Agent: selenium/4.0.0-alpha-4 (java windows)
Content-Length: 351
Content-Type: application/json; charset=utf-8
host: localhost:4083
accept: */*

Response DefaultHttpResponse(decodeResult: success, version: HTTP/1.1)
HTTP/1.1 200 OK
Content-Length: 14
Content-Type: application/json; charset=utf-8
cache-control: no-cache

14:52:28.359 [AsyncHttpClient-3-1] DEBUG org.asynchttpclient.netty.channel.ChannelManager - Adding key: http://localhost:4083 for channel [id: 0x44c8002c, L:/127.0.0.1:60758 - R:localhost/127.0.0.1:4083]
14:52:28.363 [Forwarding findElement on session af9cd261925205f15776e459b5a26d85 to remote] DEBUG org.asynchttpclient.netty.request.NettyRequestSender - Using pooled Channel '[id: 0x44c8002c, L:/127.0.0.1:60758 - R:localhost/127.0.0.1:4083]' for 'POST' to 'http://localhost:4083/session/af9cd261925205f15776e459b5a26d85/element'
14:52:28.363 [Forwarding findElement on session af9cd261925205f15776e459b5a26d85 to remote] DEBUG org.asynchttpclient.netty.request.NettyRequestSender - Using open Channel [id: 0x44c8002c, L:/127.0.0.1:60758 - R:localhost/127.0.0.1:4083] for POST '/session/af9cd261925205f15776e459b5a26d85/element'
14:52:28.384 [AsyncHttpClient-3-1] DEBUG org.asynchttpclient.netty.handler.HttpHandler - 

Request DefaultHttpRequest(decodeResult: success, version: HTTP/1.1)
POST /session/af9cd261925205f15776e459b5a26d85/element HTTP/1.1
User-Agent: selenium/4.0.0-alpha-4 (java windows)
Content-Length: 64
Content-Type: application/json; charset=utf-8
host: localhost:4083
accept: */*

Response DefaultHttpResponse(decodeResult: success, version: HTTP/1.1)
HTTP/1.1 200 OK
Content-Length: 88
Content-Type: application/json; charset=utf-8
cache-control: no-cache

14:52:28.385 [AsyncHttpClient-3-1] DEBUG org.asynchttpclient.netty.channel.ChannelManager - Adding key: http://localhost:4083 for channel [id: 0x44c8002c, L:/127.0.0.1:60758 - R:localhost/127.0.0.1:4083]
14:52:28.385 [Forwarding clickElement on session af9cd261925205f15776e459b5a26d85 to remote] DEBUG org.asynchttpclient.netty.request.NettyRequestSender - Using pooled Channel '[id: 0x44c8002c, L:/127.0.0.1:60758 - R:localhost/127.0.0.1:4083]' for 'POST' to 'http://localhost:4083/session/af9cd261925205f15776e459b5a26d85/element/e9cca4ff-53b3-4f70-ad36-a2fbd94ebb3f/click'
14:52:28.385 [Forwarding clickElement on session af9cd261925205f15776e459b5a26d85 to remote] DEBUG org.asynchttpclient.netty.request.NettyRequestSender - Using open Channel [id: 0x44c8002c, L:/127.0.0.1:60758 - R:localhost/127.0.0.1:4083] for POST '/session/af9cd261925205f15776e459b5a26d85/element/e9cca4ff-53b3-4f70-ad36-a2fbd94ebb3f/click'
14:52:28.682 [org.subethamail.smtp.server.Session-/0:0:0:0:0:0:0:1:60881] DEBUG org.subethamail.smtp.server.Session - SMTP connection from 0:0:0:0:0:0:0:1/0:0:0:0:0:0:0:1, new connection count: 1
14:52:28.682 [org.subethamail.smtp.server.Session-/0:0:0:0:0:0:0:1:60881] DEBUG org.subethamail.smtp.server.Session - Server: 220 LAPTOP-7JK8B82K ESMTP SubEthaSMTP 3.1.7
14:52:28.685 [org.subethamail.smtp.server.Session-/0:0:0:0:0:0:0:1:60881] DEBUG org.subethamail.smtp.server.Session - Client: EHLO localhost
14:52:28.685 [org.subethamail.smtp.server.Session-/0:0:0:0:0:0:0:1:60881] DEBUG org.subethamail.smtp.server.Session - Server: 250-LAPTOP-7JK8B82K
250-8BITMIME
250 Ok
14:52:28.686 [org.subethamail.smtp.server.Session-/0:0:0:0:0:0:0:1:60881] DEBUG org.subethamail.smtp.server.Session - Client: MAIL FROM:<admin@example.com>
14:52:28.695 [org.subethamail.smtp.server.Session-/0:0:0:0:0:0:0:1:60881] DEBUG org.subethamail.smtp.server.Session - Server: 250 Ok
14:52:28.695 [org.subethamail.smtp.server.Session-/0:0:0:0:0:0:0:1:60881] DEBUG org.subethamail.smtp.server.Session - Client: RCPT TO:<user1585948560445@localhost>
14:52:28.696 [org.subethamail.smtp.server.Session-/0:0:0:0:0:0:0:1:60881] DEBUG org.subethamail.wiser.Wiser - Accepting mail from admin@example.com to user1585948560445@localhost
14:52:28.696 [org.subethamail.smtp.server.Session-/0:0:0:0:0:0:0:1:60881] DEBUG org.subethamail.smtp.server.Session - Server: 250 Ok
14:52:28.696 [org.subethamail.smtp.server.Session-/0:0:0:0:0:0:0:1:60881] DEBUG org.subethamail.smtp.server.Session - Client: DATA
14:52:28.696 [org.subethamail.smtp.server.Session-/0:0:0:0:0:0:0:1:60881] DEBUG org.subethamail.smtp.server.Session - Server: 354 End data with <CR><LF>.<CR><LF>
14:52:28.704 [org.subethamail.smtp.server.Session-/0:0:0:0:0:0:0:1:60881] DEBUG org.subethamail.wiser.Wiser - Delivering mail from admin@example.com to user1585948560445@localhost
14:52:28.704 [org.subethamail.smtp.server.Session-/0:0:0:0:0:0:0:1:60881] DEBUG org.subethamail.wiser.Wiser - Creating message from data with 1202 bytes
14:52:28.704 [org.subethamail.smtp.server.Session-/0:0:0:0:0:0:0:1:60881] DEBUG org.subethamail.smtp.server.Session - Server: 250 Ok
14:52:28.704 [org.subethamail.smtp.server.Session-/0:0:0:0:0:0:0:1:60881] DEBUG org.subethamail.smtp.server.Session - Client: RSET
14:52:28.704 [org.subethamail.smtp.server.Session-/0:0:0:0:0:0:0:1:60881] DEBUG org.subethamail.smtp.server.Session - Server: 250 Ok
14:52:28.708 [org.subethamail.smtp.server.Session-/0:0:0:0:0:0:0:1:60881] DEBUG org.subethamail.smtp.server.Session - Client: QUIT
14:52:28.708 [org.subethamail.smtp.server.Session-/0:0:0:0:0:0:0:1:60881] DEBUG org.subethamail.smtp.server.Session - Server: 221 Bye
14:52:28.711 [org.subethamail.smtp.server.Session-/0:0:0:0:0:0:0:1:60882] DEBUG org.subethamail.smtp.server.Session - SMTP connection from 0:0:0:0:0:0:0:1/0:0:0:0:0:0:0:1, new connection count: 1
14:52:28.711 [org.subethamail.smtp.server.Session-/0:0:0:0:0:0:0:1:60882] DEBUG org.subethamail.smtp.server.Session - Server: 220 LAPTOP-7JK8B82K ESMTP SubEthaSMTP 3.1.7
14:52:28.721 [org.subethamail.smtp.server.Session-/0:0:0:0:0:0:0:1:60882] DEBUG org.subethamail.smtp.server.Session - Client: EHLO localhost
14:52:28.722 [org.subethamail.smtp.server.Session-/0:0:0:0:0:0:0:1:60882] DEBUG org.subethamail.smtp.server.Session - Server: 250-LAPTOP-7JK8B82K
250-8BITMIME
250 Ok
14:52:28.722 [org.subethamail.smtp.server.Session-/0:0:0:0:0:0:0:1:60882] DEBUG org.subethamail.smtp.server.Session - Client: MAIL FROM:<admin@example.com>
14:52:28.722 [org.subethamail.smtp.server.Session-/0:0:0:0:0:0:0:1:60882] DEBUG org.subethamail.smtp.server.Session - Server: 250 Ok
14:52:28.723 [org.subethamail.smtp.server.Session-/0:0:0:0:0:0:0:1:60882] DEBUG org.subethamail.smtp.server.Session - Client: RCPT TO:<root@localhost>
14:52:28.723 [org.subethamail.smtp.server.Session-/0:0:0:0:0:0:0:1:60882] DEBUG org.subethamail.wiser.Wiser - Accepting mail from admin@example.com to root@localhost
14:52:28.723 [org.subethamail.smtp.server.Session-/0:0:0:0:0:0:0:1:60882] DEBUG org.subethamail.smtp.server.Session - Server: 250 Ok
14:52:28.724 [org.subethamail.smtp.server.Session-/0:0:0:0:0:0:0:1:60882] DEBUG org.subethamail.smtp.server.Session - Client: DATA
14:52:28.724 [org.subethamail.smtp.server.Session-/0:0:0:0:0:0:0:1:60882] DEBUG org.subethamail.smtp.server.Session - Server: 354 End data with <CR><LF>.<CR><LF>
14:52:28.724 [org.subethamail.smtp.server.Session-/0:0:0:0:0:0:0:1:60882] DEBUG org.subethamail.wiser.Wiser - Delivering mail from admin@example.com to root@localhost
14:52:28.724 [org.subethamail.smtp.server.Session-/0:0:0:0:0:0:0:1:60882] DEBUG org.subethamail.wiser.Wiser - Creating message from data with 859 bytes
14:52:28.724 [org.subethamail.smtp.server.Session-/0:0:0:0:0:0:0:1:60882] DEBUG org.subethamail.smtp.server.Session - Server: 250 Ok
14:52:28.724 [org.subethamail.smtp.server.Session-/0:0:0:0:0:0:0:1:60882] DEBUG org.subethamail.smtp.server.Session - Client: RSET
14:52:28.724 [org.subethamail.smtp.server.Session-/0:0:0:0:0:0:0:1:60882] DEBUG org.subethamail.smtp.server.Session - Server: 250 Ok
14:52:28.724 [org.subethamail.smtp.server.Session-/0:0:0:0:0:0:0:1:60882] DEBUG org.subethamail.smtp.server.Session - Client: QUIT
14:52:28.724 [org.subethamail.smtp.server.Session-/0:0:0:0:0:0:0:1:60882] DEBUG org.subethamail.smtp.server.Session - Server: 221 Bye
14:52:28.731 [org.subethamail.smtp.server.Session-/0:0:0:0:0:0:0:1:60883] DEBUG org.subethamail.smtp.server.Session - SMTP connection from 0:0:0:0:0:0:0:1/0:0:0:0:0:0:0:1, new connection count: 1
14:52:28.731 [org.subethamail.smtp.server.Session-/0:0:0:0:0:0:0:1:60883] DEBUG org.subethamail.smtp.server.Session - Server: 220 LAPTOP-7JK8B82K ESMTP SubEthaSMTP 3.1.7
14:52:28.742 [org.subethamail.smtp.server.Session-/0:0:0:0:0:0:0:1:60883] DEBUG org.subethamail.smtp.server.Session - Client: EHLO localhost
14:52:28.742 [org.subethamail.smtp.server.Session-/0:0:0:0:0:0:0:1:60883] DEBUG org.subethamail.smtp.server.Session - Server: 250-LAPTOP-7JK8B82K
250-8BITMIME
250 Ok
14:52:28.743 [org.subethamail.smtp.server.Session-/0:0:0:0:0:0:0:1:60883] DEBUG org.subethamail.smtp.server.Session - Client: MAIL FROM:<admin@example.com>
14:52:28.743 [org.subethamail.smtp.server.Session-/0:0:0:0:0:0:0:1:60883] DEBUG org.subethamail.smtp.server.Session - Server: 250 Ok
14:52:28.743 [org.subethamail.smtp.server.Session-/0:0:0:0:0:0:0:1:60883] DEBUG org.subethamail.smtp.server.Session - Client: RCPT TO:<user1585948766370@localhost>
14:52:28.743 [org.subethamail.smtp.server.Session-/0:0:0:0:0:0:0:1:60883] DEBUG org.subethamail.wiser.Wiser - Accepting mail from admin@example.com to user1585948766370@localhost
14:52:28.743 [org.subethamail.smtp.server.Session-/0:0:0:0:0:0:0:1:60883] DEBUG org.subethamail.smtp.server.Session - Server: 250 Ok
14:52:28.744 [org.subethamail.smtp.server.Session-/0:0:0:0:0:0:0:1:60883] DEBUG org.subethamail.smtp.server.Session - Client: DATA
14:52:28.744 [org.subethamail.smtp.server.Session-/0:0:0:0:0:0:0:1:60883] DEBUG org.subethamail.smtp.server.Session - Server: 354 End data with <CR><LF>.<CR><LF>
14:52:28.744 [org.subethamail.smtp.server.Session-/0:0:0:0:0:0:0:1:60883] DEBUG org.subethamail.wiser.Wiser - Delivering mail from admin@example.com to user1585948766370@localhost
14:52:28.744 [org.subethamail.smtp.server.Session-/0:0:0:0:0:0:0:1:60883] DEBUG org.subethamail.wiser.Wiser - Creating message from data with 1202 bytes
14:52:28.744 [org.subethamail.smtp.server.Session-/0:0:0:0:0:0:0:1:60883] DEBUG org.subethamail.smtp.server.Session - Server: 250 Ok
14:52:28.744 [org.subethamail.smtp.server.Session-/0:0:0:0:0:0:0:1:60883] DEBUG org.subethamail.smtp.server.Session - Client: RSET
14:52:28.744 [org.subethamail.smtp.server.Session-/0:0:0:0:0:0:0:1:60883] DEBUG org.subethamail.smtp.server.Session - Server: 250 Ok
14:52:28.749 [org.subethamail.smtp.server.Session-/0:0:0:0:0:0:0:1:60883] DEBUG org.subethamail.smtp.server.Session - Client: QUIT
14:52:28.749 [org.subethamail.smtp.server.Session-/0:0:0:0:0:0:0:1:60883] DEBUG org.subethamail.smtp.server.Session - Server: 221 Bye
14:52:28.752 [org.subethamail.smtp.server.Session-/0:0:0:0:0:0:0:1:60884] DEBUG org.subethamail.smtp.server.Session - SMTP connection from 0:0:0:0:0:0:0:1/0:0:0:0:0:0:0:1, new connection count: 1
14:52:28.752 [org.subethamail.smtp.server.Session-/0:0:0:0:0:0:0:1:60884] DEBUG org.subethamail.smtp.server.Session - Server: 220 LAPTOP-7JK8B82K ESMTP SubEthaSMTP 3.1.7
14:52:28.754 [org.subethamail.smtp.server.Session-/0:0:0:0:0:0:0:1:60884] DEBUG org.subethamail.smtp.server.Session - Client: EHLO localhost
14:52:28.754 [org.subethamail.smtp.server.Session-/0:0:0:0:0:0:0:1:60884] DEBUG org.subethamail.smtp.server.Session - Server: 250-LAPTOP-7JK8B82K
250-8BITMIME
250 Ok
14:52:28.755 [org.subethamail.smtp.server.Session-/0:0:0:0:0:0:0:1:60884] DEBUG org.subethamail.smtp.server.Session - Client: MAIL FROM:<admin@example.com>
14:52:28.755 [org.subethamail.smtp.server.Session-/0:0:0:0:0:0:0:1:60884] DEBUG org.subethamail.smtp.server.Session - Server: 250 Ok
14:52:28.755 [org.subethamail.smtp.server.Session-/0:0:0:0:0:0:0:1:60884] DEBUG org.subethamail.smtp.server.Session - Client: RCPT TO:<root@localhost>
14:52:28.755 [org.subethamail.smtp.server.Session-/0:0:0:0:0:0:0:1:60884] DEBUG org.subethamail.wiser.Wiser - Accepting mail from admin@example.com to root@localhost
14:52:28.755 [org.subethamail.smtp.server.Session-/0:0:0:0:0:0:0:1:60884] DEBUG org.subethamail.smtp.server.Session - Server: 250 Ok
14:52:28.755 [org.subethamail.smtp.server.Session-/0:0:0:0:0:0:0:1:60884] DEBUG org.subethamail.smtp.server.Session - Client: DATA
14:52:28.755 [org.subethamail.smtp.server.Session-/0:0:0:0:0:0:0:1:60884] DEBUG org.subethamail.smtp.server.Session - Server: 354 End data with <CR><LF>.<CR><LF>
14:52:28.755 [org.subethamail.smtp.server.Session-/0:0:0:0:0:0:0:1:60884] DEBUG org.subethamail.wiser.Wiser - Delivering mail from admin@example.com to root@localhost
14:52:28.755 [org.subethamail.smtp.server.Session-/0:0:0:0:0:0:0:1:60884] DEBUG org.subethamail.wiser.Wiser - Creating message from data with 857 bytes
14:52:28.755 [org.subethamail.smtp.server.Session-/0:0:0:0:0:0:0:1:60884] DEBUG org.subethamail.smtp.server.Session - Server: 250 Ok
14:52:28.757 [org.subethamail.smtp.server.Session-/0:0:0:0:0:0:0:1:60884] DEBUG org.subethamail.smtp.server.Session - Client: RSET
14:52:28.757 [org.subethamail.smtp.server.Session-/0:0:0:0:0:0:0:1:60884] DEBUG org.subethamail.smtp.server.Session - Server: 250 Ok
14:52:28.758 [org.subethamail.smtp.server.Session-/0:0:0:0:0:0:0:1:60884] DEBUG org.subethamail.smtp.server.Session - Client: QUIT
14:52:28.759 [org.subethamail.smtp.server.Session-/0:0:0:0:0:0:0:1:60884] DEBUG org.subethamail.smtp.server.Session - Server: 221 Bye
14:52:28.763 [org.subethamail.smtp.server.Session-/0:0:0:0:0:0:0:1:60885] DEBUG org.subethamail.smtp.server.Session - SMTP connection from 0:0:0:0:0:0:0:1/0:0:0:0:0:0:0:1, new connection count: 1
14:52:28.763 [org.subethamail.smtp.server.Session-/0:0:0:0:0:0:0:1:60885] DEBUG org.subethamail.smtp.server.Session - Server: 220 LAPTOP-7JK8B82K ESMTP SubEthaSMTP 3.1.7
14:52:28.772 [org.subethamail.smtp.server.Session-/0:0:0:0:0:0:0:1:60885] DEBUG org.subethamail.smtp.server.Session - Client: EHLO localhost
14:52:28.772 [org.subethamail.smtp.server.Session-/0:0:0:0:0:0:0:1:60885] DEBUG org.subethamail.smtp.server.Session - Server: 250-LAPTOP-7JK8B82K
250-8BITMIME
250 Ok
14:52:28.773 [org.subethamail.smtp.server.Session-/0:0:0:0:0:0:0:1:60885] DEBUG org.subethamail.smtp.server.Session - Client: MAIL FROM:<admin@example.com>
14:52:28.773 [org.subethamail.smtp.server.Session-/0:0:0:0:0:0:0:1:60885] DEBUG org.subethamail.smtp.server.Session - Server: 250 Ok
14:52:28.773 [org.subethamail.smtp.server.Session-/0:0:0:0:0:0:0:1:60885] DEBUG org.subethamail.smtp.server.Session - Client: RCPT TO:<user1586004740829@localhost>
14:52:28.773 [org.subethamail.smtp.server.Session-/0:0:0:0:0:0:0:1:60885] DEBUG org.subethamail.wiser.Wiser - Accepting mail from admin@example.com to user1586004740829@localhost
14:52:28.773 [org.subethamail.smtp.server.Session-/0:0:0:0:0:0:0:1:60885] DEBUG org.subethamail.smtp.server.Session - Server: 250 Ok
14:52:28.773 [org.subethamail.smtp.server.Session-/0:0:0:0:0:0:0:1:60885] DEBUG org.subethamail.smtp.server.Session - Client: DATA
14:52:28.773 [org.subethamail.smtp.server.Session-/0:0:0:0:0:0:0:1:60885] DEBUG org.subethamail.smtp.server.Session - Server: 354 End data with <CR><LF>.<CR><LF>
14:52:28.773 [org.subethamail.smtp.server.Session-/0:0:0:0:0:0:0:1:60885] DEBUG org.subethamail.wiser.Wiser - Delivering mail from admin@example.com to user1586004740829@localhost
14:52:28.773 [org.subethamail.smtp.server.Session-/0:0:0:0:0:0:0:1:60885] DEBUG org.subethamail.wiser.Wiser - Creating message from data with 1199 bytes
14:52:28.773 [org.subethamail.smtp.server.Session-/0:0:0:0:0:0:0:1:60885] DEBUG org.subethamail.smtp.server.Session - Server: 250 Ok
14:52:28.773 [org.subethamail.smtp.server.Session-/0:0:0:0:0:0:0:1:60885] DEBUG org.subethamail.smtp.server.Session - Client: RSET
14:52:28.773 [org.subethamail.smtp.server.Session-/0:0:0:0:0:0:0:1:60885] DEBUG org.subethamail.smtp.server.Session - Server: 250 Ok
14:52:28.778 [org.subethamail.smtp.server.Session-/0:0:0:0:0:0:0:1:60885] DEBUG org.subethamail.smtp.server.Session - Client: QUIT
14:52:28.779 [org.subethamail.smtp.server.Session-/0:0:0:0:0:0:0:1:60885] DEBUG org.subethamail.smtp.server.Session - Server: 221 Bye
14:52:28.782 [org.subethamail.smtp.server.Session-/0:0:0:0:0:0:0:1:60886] DEBUG org.subethamail.smtp.server.Session - SMTP connection from 0:0:0:0:0:0:0:1/0:0:0:0:0:0:0:1, new connection count: 1
14:52:28.782 [org.subethamail.smtp.server.Session-/0:0:0:0:0:0:0:1:60886] DEBUG org.subethamail.smtp.server.Session - Server: 220 LAPTOP-7JK8B82K ESMTP SubEthaSMTP 3.1.7
14:52:28.792 [org.subethamail.smtp.server.Session-/0:0:0:0:0:0:0:1:60886] DEBUG org.subethamail.smtp.server.Session - Client: EHLO localhost
14:52:28.792 [org.subethamail.smtp.server.Session-/0:0:0:0:0:0:0:1:60886] DEBUG org.subethamail.smtp.server.Session - Server: 250-LAPTOP-7JK8B82K
250-8BITMIME
250 Ok
14:52:28.793 [org.subethamail.smtp.server.Session-/0:0:0:0:0:0:0:1:60886] DEBUG org.subethamail.smtp.server.Session - Client: MAIL FROM:<admin@example.com>
14:52:28.793 [org.subethamail.smtp.server.Session-/0:0:0:0:0:0:0:1:60886] DEBUG org.subethamail.smtp.server.Session - Server: 250 Ok
14:52:28.793 [org.subethamail.smtp.server.Session-/0:0:0:0:0:0:0:1:60886] DEBUG org.subethamail.smtp.server.Session - Client: RCPT TO:<root@localhost>
14:52:28.793 [org.subethamail.smtp.server.Session-/0:0:0:0:0:0:0:1:60886] DEBUG org.subethamail.wiser.Wiser - Accepting mail from admin@example.com to root@localhost
14:52:28.793 [org.subethamail.smtp.server.Session-/0:0:0:0:0:0:0:1:60886] DEBUG org.subethamail.smtp.server.Session - Server: 250 Ok
14:52:28.794 [org.subethamail.smtp.server.Session-/0:0:0:0:0:0:0:1:60886] DEBUG org.subethamail.smtp.server.Session - Client: DATA
14:52:28.794 [org.subethamail.smtp.server.Session-/0:0:0:0:0:0:0:1:60886] DEBUG org.subethamail.smtp.server.Session - Server: 354 End data with <CR><LF>.<CR><LF>
14:52:28.795 [org.subethamail.smtp.server.Session-/0:0:0:0:0:0:0:1:60886] DEBUG org.subethamail.wiser.Wiser - Delivering mail from admin@example.com to root@localhost
14:52:28.795 [org.subethamail.smtp.server.Session-/0:0:0:0:0:0:0:1:60886] DEBUG org.subethamail.wiser.Wiser - Creating message from data with 859 bytes
14:52:28.795 [org.subethamail.smtp.server.Session-/0:0:0:0:0:0:0:1:60886] DEBUG org.subethamail.smtp.server.Session - Server: 250 Ok
14:52:28.796 [org.subethamail.smtp.server.Session-/0:0:0:0:0:0:0:1:60886] DEBUG org.subethamail.smtp.server.Session - Client: RSET
14:52:28.796 [org.subethamail.smtp.server.Session-/0:0:0:0:0:0:0:1:60886] DEBUG org.subethamail.smtp.server.Session - Server: 250 Ok
14:52:28.796 [org.subethamail.smtp.server.Session-/0:0:0:0:0:0:0:1:60886] DEBUG org.subethamail.smtp.server.Session - Client: QUIT
14:52:28.796 [org.subethamail.smtp.server.Session-/0:0:0:0:0:0:0:1:60886] DEBUG org.subethamail.smtp.server.Session - Server: 221 Bye
14:52:29.011 [AsyncHttpClient-3-1] DEBUG org.asynchttpclient.netty.handler.HttpHandler - 

Request DefaultHttpRequest(decodeResult: success, version: HTTP/1.1)
POST /session/af9cd261925205f15776e459b5a26d85/element/e9cca4ff-53b3-4f70-ad36-a2fbd94ebb3f/click HTTP/1.1
User-Agent: selenium/4.0.0-alpha-4 (java windows)
Content-Length: 50
Content-Type: application/json; charset=utf-8
host: localhost:4083
accept: */*

Response DefaultHttpResponse(decodeResult: success, version: HTTP/1.1)
HTTP/1.1 200 OK
Content-Length: 14
Content-Type: application/json; charset=utf-8
cache-control: no-cache

14:52:29.011 [AsyncHttpClient-3-1] DEBUG org.asynchttpclient.netty.channel.ChannelManager - Adding key: http://localhost:4083 for channel [id: 0x44c8002c, L:/127.0.0.1:60758 - R:localhost/127.0.0.1:4083]
14:52:29.097 [AsyncHttpClient-timer-6-1] DEBUG org.asynchttpclient.netty.channel.DefaultChannelPool - Entry count for : http://localhost:60759 : 1
14:52:29.257 [AsyncHttpClient-timer-1-1] DEBUG org.asynchttpclient.netty.channel.DefaultChannelPool - Entry count for : http://localhost:4083 : 1
14:52:30.037 [Test worker] INFO org.subethamail.smtp.server.SMTPServer - SMTP server *:25 stopping
14:52:30.037 [Test worker] DEBUG org.subethamail.smtp.server.ServerThread - SMTP Server socket shut down
14:52:30.037 [org.subethamail.smtp.server.ServerThread *:25] INFO org.subethamail.smtp.server.ServerThread - SMTP server *:25 stopped
]]></system-out>
  <system-err><![CDATA[java.net.ConnectException: Connection refused: connect
	at java.net.DualStackPlainSocketImpl.connect0(Native Method)
	at java.net.DualStackPlainSocketImpl.socketConnect(DualStackPlainSocketImpl.java:79)
	at java.net.AbstractPlainSocketImpl.doConnect(AbstractPlainSocketImpl.java:350)
	at java.net.AbstractPlainSocketImpl.connectToAddress(AbstractPlainSocketImpl.java:206)
	at java.net.AbstractPlainSocketImpl.connect(AbstractPlainSocketImpl.java:188)
	at java.net.PlainSocketImpl.connect(PlainSocketImpl.java:172)
	at java.net.SocksSocketImpl.connect(SocksSocketImpl.java:392)
	at java.net.Socket.connect(Socket.java:606)
	at org.apache.commons.net.SocketClient._connect(SocketClient.java:243)
	at org.apache.commons.net.SocketClient.connect(SocketClient.java:202)
	at mantis.appmanager.JamesHelper.initTelnetSession(JamesHelper.java:62)
	at mantis.appmanager.JamesHelper.createUser(JamesHelper.java:42)
	at mantis.tests.RegistrationTests.testRegistration(RegistrationTests.java:28)
	at sun.reflect.NativeMethodAccessorImpl.invoke0(Native Method)
	at sun.reflect.NativeMethodAccessorImpl.invoke(NativeMethodAccessorImpl.java:62)
	at sun.reflect.DelegatingMethodAccessorImpl.invoke(DelegatingMethodAccessorImpl.java:43)
	at java.lang.reflect.Method.invoke(Method.java:498)
	at org.testng.internal.MethodInvocationHelper.invokeMethod(MethodInvocationHelper.java:134)
	at org.testng.internal.TestInvoker.invokeMethod(TestInvoker.java:597)
	at org.testng.internal.TestInvoker.invokeTestMethod(TestInvoker.java:173)
	at org.testng.internal.MethodRunner.runInSequence(MethodRunner.java:46)
	at org.testng.internal.TestInvoker$MethodInvocationAgent.invoke(TestInvoker.java:816)
	at org.testng.internal.TestInvoker.invokeTestMethods(TestInvoker.java:146)
	at org.testng.internal.TestMethodWorker.invokeTestMethods(TestMethodWorker.java:146)
	at org.testng.internal.TestMethodWorker.run(TestMethodWorker.java:128)
	at java.util.ArrayList.forEach(ArrayList.java:1257)
	at org.testng.TestRunner.privateRun(TestRunner.java:766)
	at org.testng.TestRunner.run(TestRunner.java:587)
	at org.testng.SuiteRunner.runTest(SuiteRunner.java:384)
	at org.testng.SuiteRunner.runSequentially(SuiteRunner.java:378)
	at org.testng.SuiteRunner.privateRun(SuiteRunner.java:337)
	at org.testng.SuiteRunner.run(SuiteRunner.java:286)
	at org.testng.SuiteRunnerWorker.runSuite(SuiteRunnerWorker.java:53)
	at org.testng.SuiteRunnerWorker.run(SuiteRunnerWorker.java:96)
	at org.testng.TestNG.runSuitesSequentially(TestNG.java:1187)
	at org.testng.TestNG.runSuitesLocally(TestNG.java:1109)
	at org.testng.TestNG.runSuites(TestNG.java:1039)
	at org.testng.TestNG.run(TestNG.java:1007)
	at org.gradle.api.internal.tasks.testing.testng.TestNGTestClassProcessor.runTests(TestNGTestClassProcessor.java:141)
	at org.gradle.api.internal.tasks.testing.testng.TestNGTestClassProcessor.stop(TestNGTestClassProcessor.java:90)
	at org.gradle.api.internal.tasks.testing.SuiteTestClassProcessor.stop(SuiteTestClassProcessor.java:61)
	at sun.reflect.NativeMethodAccessorImpl.invoke0(Native Method)
	at sun.reflect.NativeMethodAccessorImpl.invoke(NativeMethodAccessorImpl.java:62)
	at sun.reflect.DelegatingMethodAccessorImpl.invoke(DelegatingMethodAccessorImpl.java:43)
	at java.lang.reflect.Method.invoke(Method.java:498)
	at org.gradle.internal.dispatch.ReflectionDispatch.dispatch(ReflectionDispatch.java:35)
	at org.gradle.internal.dispatch.ReflectionDispatch.dispatch(ReflectionDispatch.java:24)
	at org.gradle.internal.dispatch.ContextClassLoaderDispatch.dispatch(ContextClassLoaderDispatch.java:32)
	at org.gradle.internal.dispatch.ProxyDispatchAdapter$DispatchingInvocationHandler.invoke(ProxyDispatchAdapter.java:93)
	at com.sun.proxy.$Proxy2.stop(Unknown Source)
	at org.gradle.api.internal.tasks.testing.worker.TestWorker.stop(TestWorker.java:132)
	at sun.reflect.NativeMethodAccessorImpl.invoke0(Native Method)
	at sun.reflect.NativeMethodAccessorImpl.invoke(NativeMethodAccessorImpl.java:62)
	at sun.reflect.DelegatingMethodAccessorImpl.invoke(DelegatingMethodAccessorImpl.java:43)
	at java.lang.reflect.Method.invoke(Method.java:498)
	at org.gradle.internal.dispatch.ReflectionDispatch.dispatch(ReflectionDispatch.java:35)
	at org.gradle.internal.dispatch.ReflectionDispatch.dispatch(ReflectionDispatch.java:24)
	at org.gradle.internal.remote.internal.hub.MessageHubBackedObjectConnection$DispatchWrapper.dispatch(MessageHubBackedObjectConnection.java:175)
	at org.gradle.internal.remote.internal.hub.MessageHubBackedObjectConnection$DispatchWrapper.dispatch(MessageHubBackedObjectConnection.java:157)
	at org.gradle.internal.remote.internal.hub.MessageHub$Handler.run(MessageHub.java:404)
	at org.gradle.internal.concurrent.ExecutorPolicy$CatchAndRecordFailures.onExecute(ExecutorPolicy.java:63)
	at org.gradle.internal.concurrent.ManagedExecutorImpl$1.run(ManagedExecutorImpl.java:46)
	at java.util.concurrent.ThreadPoolExecutor.runWorker(ThreadPoolExecutor.java:1149)
	at java.util.concurrent.ThreadPoolExecutor$Worker.run(ThreadPoolExecutor.java:624)
	at org.gradle.internal.concurrent.ThreadFactoryImpl$ManagedThreadRunnable.run(ThreadFactoryImpl.java:55)
	at java.lang.Thread.run(Thread.java:748)
java.lang.NullPointerException
	at mantis.appmanager.JamesHelper.readUntil(JamesHelper.java:91)
	at mantis.appmanager.JamesHelper.initTelnetSession(JamesHelper.java:72)
	at mantis.appmanager.JamesHelper.createUser(JamesHelper.java:42)
	at mantis.tests.RegistrationTests.testRegistration(RegistrationTests.java:28)
	at sun.reflect.NativeMethodAccessorImpl.invoke0(Native Method)
	at sun.reflect.NativeMethodAccessorImpl.invoke(NativeMethodAccessorImpl.java:62)
	at sun.reflect.DelegatingMethodAccessorImpl.invoke(DelegatingMethodAccessorImpl.java:43)
	at java.lang.reflect.Method.invoke(Method.java:498)
	at org.testng.internal.MethodInvocationHelper.invokeMethod(MethodInvocationHelper.java:134)
	at org.testng.internal.TestInvoker.invokeMethod(TestInvoker.java:597)
	at org.testng.internal.TestInvoker.invokeTestMethod(TestInvoker.java:173)
	at org.testng.internal.MethodRunner.runInSequence(MethodRunner.java:46)
	at org.testng.internal.TestInvoker$MethodInvocationAgent.invoke(TestInvoker.java:816)
	at org.testng.internal.TestInvoker.invokeTestMethods(TestInvoker.java:146)
	at org.testng.internal.TestMethodWorker.invokeTestMethods(TestMethodWorker.java:146)
	at org.testng.internal.TestMethodWorker.run(TestMethodWorker.java:128)
	at java.util.ArrayList.forEach(ArrayList.java:1257)
	at org.testng.TestRunner.privateRun(TestRunner.java:766)
	at org.testng.TestRunner.run(TestRunner.java:587)
	at org.testng.SuiteRunner.runTest(SuiteRunner.java:384)
	at org.testng.SuiteRunner.runSequentially(SuiteRunner.java:378)
	at org.testng.SuiteRunner.privateRun(SuiteRunner.java:337)
	at org.testng.SuiteRunner.run(SuiteRunner.java:286)
	at org.testng.SuiteRunnerWorker.runSuite(SuiteRunnerWorker.java:53)
	at org.testng.SuiteRunnerWorker.run(SuiteRunnerWorker.java:96)
	at org.testng.TestNG.runSuitesSequentially(TestNG.java:1187)
	at org.testng.TestNG.runSuitesLocally(TestNG.java:1109)
	at org.testng.TestNG.runSuites(TestNG.java:1039)
	at org.testng.TestNG.run(TestNG.java:1007)
	at org.gradle.api.internal.tasks.testing.testng.TestNGTestClassProcessor.runTests(TestNGTestClassProcessor.java:141)
	at org.gradle.api.internal.tasks.testing.testng.TestNGTestClassProcessor.stop(TestNGTestClassProcessor.java:90)
	at org.gradle.api.internal.tasks.testing.SuiteTestClassProcessor.stop(SuiteTestClassProcessor.java:61)
	at sun.reflect.NativeMethodAccessorImpl.invoke0(Native Method)
	at sun.reflect.NativeMethodAccessorImpl.invoke(NativeMethodAccessorImpl.java:62)
	at sun.reflect.DelegatingMethodAccessorImpl.invoke(DelegatingMethodAccessorImpl.java:43)
	at java.lang.reflect.Method.invoke(Method.java:498)
	at org.gradle.internal.dispatch.ReflectionDispatch.dispatch(ReflectionDispatch.java:35)
	at org.gradle.internal.dispatch.ReflectionDispatch.dispatch(ReflectionDispatch.java:24)
	at org.gradle.internal.dispatch.ContextClassLoaderDispatch.dispatch(ContextClassLoaderDispatch.java:32)
	at org.gradle.internal.dispatch.ProxyDispatchAdapter$DispatchingInvocationHandler.invoke(ProxyDispatchAdapter.java:93)
	at com.sun.proxy.$Proxy2.stop(Unknown Source)
	at org.gradle.api.internal.tasks.testing.worker.TestWorker.stop(TestWorker.java:132)
	at sun.reflect.NativeMethodAccessorImpl.invoke0(Native Method)
	at sun.reflect.NativeMethodAccessorImpl.invoke(NativeMethodAccessorImpl.java:62)
	at sun.reflect.DelegatingMethodAccessorImpl.invoke(DelegatingMethodAccessorImpl.java:43)
	at java.lang.reflect.Method.invoke(Method.java:498)
	at org.gradle.internal.dispatch.ReflectionDispatch.dispatch(ReflectionDispatch.java:35)
	at org.gradle.internal.dispatch.ReflectionDispatch.dispatch(ReflectionDispatch.java:24)
	at org.gradle.internal.remote.internal.hub.MessageHubBackedObjectConnection$DispatchWrapper.dispatch(MessageHubBackedObjectConnection.java:175)
	at org.gradle.internal.remote.internal.hub.MessageHubBackedObjectConnection$DispatchWrapper.dispatch(MessageHubBackedObjectConnection.java:157)
	at org.gradle.internal.remote.internal.hub.MessageHub$Handler.run(MessageHub.java:404)
	at org.gradle.internal.concurrent.ExecutorPolicy$CatchAndRecordFailures.onExecute(ExecutorPolicy.java:63)
	at org.gradle.internal.concurrent.ManagedExecutorImpl$1.run(ManagedExecutorImpl.java:46)
	at java.util.concurrent.ThreadPoolExecutor.runWorker(ThreadPoolExecutor.java:1149)
	at java.util.concurrent.ThreadPoolExecutor$Worker.run(ThreadPoolExecutor.java:624)
	at org.gradle.internal.concurrent.ThreadFactoryImpl$ManagedThreadRunnable.run(ThreadFactoryImpl.java:55)
	at java.lang.Thread.run(Thread.java:748)
java.lang.NullPointerException
	at mantis.appmanager.JamesHelper.write(JamesHelper.java:110)
	at mantis.appmanager.JamesHelper.initTelnetSession(JamesHelper.java:73)
	at mantis.appmanager.JamesHelper.createUser(JamesHelper.java:42)
	at mantis.tests.RegistrationTests.testRegistration(RegistrationTests.java:28)
	at sun.reflect.NativeMethodAccessorImpl.invoke0(Native Method)
	at sun.reflect.NativeMethodAccessorImpl.invoke(NativeMethodAccessorImpl.java:62)
	at sun.reflect.DelegatingMethodAccessorImpl.invoke(DelegatingMethodAccessorImpl.java:43)
	at java.lang.reflect.Method.invoke(Method.java:498)
	at org.testng.internal.MethodInvocationHelper.invokeMethod(MethodInvocationHelper.java:134)
	at org.testng.internal.TestInvoker.invokeMethod(TestInvoker.java:597)
	at org.testng.internal.TestInvoker.invokeTestMethod(TestInvoker.java:173)
	at org.testng.internal.MethodRunner.runInSequence(MethodRunner.java:46)
	at org.testng.internal.TestInvoker$MethodInvocationAgent.invoke(TestInvoker.java:816)
	at org.testng.internal.TestInvoker.invokeTestMethods(TestInvoker.java:146)
	at org.testng.internal.TestMethodWorker.invokeTestMethods(TestMethodWorker.java:146)
	at org.testng.internal.TestMethodWorker.run(TestMethodWorker.java:128)
	at java.util.ArrayList.forEach(ArrayList.java:1257)
	at org.testng.TestRunner.privateRun(TestRunner.java:766)
	at org.testng.TestRunner.run(TestRunner.java:587)
	at org.testng.SuiteRunner.runTest(SuiteRunner.java:384)
	at org.testng.SuiteRunner.runSequentially(SuiteRunner.java:378)
	at org.testng.SuiteRunner.privateRun(SuiteRunner.java:337)
	at org.testng.SuiteRunner.run(SuiteRunner.java:286)
	at org.testng.SuiteRunnerWorker.runSuite(SuiteRunnerWorker.java:53)
	at org.testng.SuiteRunnerWorker.run(SuiteRunnerWorker.java:96)
	at org.testng.TestNG.runSuitesSequentially(TestNG.java:1187)
	at org.testng.TestNG.runSuitesLocally(TestNG.java:1109)
	at org.testng.TestNG.runSuites(TestNG.java:1039)
	at org.testng.TestNG.run(TestNG.java:1007)
	at org.gradle.api.internal.tasks.testing.testng.TestNGTestClassProcessor.runTests(TestNGTestClassProcessor.java:141)
	at org.gradle.api.internal.tasks.testing.testng.TestNGTestClassProcessor.stop(TestNGTestClassProcessor.java:90)
	at org.gradle.api.internal.tasks.testing.SuiteTestClassProcessor.stop(SuiteTestClassProcessor.java:61)
	at sun.reflect.NativeMethodAccessorImpl.invoke0(Native Method)
	at sun.reflect.NativeMethodAccessorImpl.invoke(NativeMethodAccessorImpl.java:62)
	at sun.reflect.DelegatingMethodAccessorImpl.invoke(DelegatingMethodAccessorImpl.java:43)
	at java.lang.reflect.Method.invoke(Method.java:498)
	at org.gradle.internal.dispatch.ReflectionDispatch.dispatch(ReflectionDispatch.java:35)
	at org.gradle.internal.dispatch.ReflectionDispatch.dispatch(ReflectionDispatch.java:24)
	at org.gradle.internal.dispatch.ContextClassLoaderDispatch.dispatch(ContextClassLoaderDispatch.java:32)
	at org.gradle.internal.dispatch.ProxyDispatchAdapter$DispatchingInvocationHandler.invoke(ProxyDispatchAdapter.java:93)
	at com.sun.proxy.$Proxy2.stop(Unknown Source)
	at org.gradle.api.internal.tasks.testing.worker.TestWorker.stop(TestWorker.java:132)
	at sun.reflect.NativeMethodAccessorImpl.invoke0(Native Method)
	at sun.reflect.NativeMethodAccessorImpl.invoke(NativeMethodAccessorImpl.java:62)
	at sun.reflect.DelegatingMethodAccessorImpl.invoke(DelegatingMethodAccessorImpl.java:43)
	at java.lang.reflect.Method.invoke(Method.java:498)
	at org.gradle.internal.dispatch.ReflectionDispatch.dispatch(ReflectionDispatch.java:35)
	at org.gradle.internal.dispatch.ReflectionDispatch.dispatch(ReflectionDispatch.java:24)
	at org.gradle.internal.remote.internal.hub.MessageHubBackedObjectConnection$DispatchWrapper.dispatch(MessageHubBackedObjectConnection.java:175)
	at org.gradle.internal.remote.internal.hub.MessageHubBackedObjectConnection$DispatchWrapper.dispatch(MessageHubBackedObjectConnection.java:157)
	at org.gradle.internal.remote.internal.hub.MessageHub$Handler.run(MessageHub.java:404)
	at org.gradle.internal.concurrent.ExecutorPolicy$CatchAndRecordFailures.onExecute(ExecutorPolicy.java:63)
	at org.gradle.internal.concurrent.ManagedExecutorImpl$1.run(ManagedExecutorImpl.java:46)
	at java.util.concurrent.ThreadPoolExecutor.runWorker(ThreadPoolExecutor.java:1149)
	at java.util.concurrent.ThreadPoolExecutor$Worker.run(ThreadPoolExecutor.java:624)
	at org.gradle.internal.concurrent.ThreadFactoryImpl$ManagedThreadRunnable.run(ThreadFactoryImpl.java:55)
	at java.lang.Thread.run(Thread.java:748)
java.lang.NullPointerException
	at mantis.appmanager.JamesHelper.readUntil(JamesHelper.java:91)
	at mantis.appmanager.JamesHelper.initTelnetSession(JamesHelper.java:74)
	at mantis.appmanager.JamesHelper.createUser(JamesHelper.java:42)
	at mantis.tests.RegistrationTests.testRegistration(RegistrationTests.java:28)
	at sun.reflect.NativeMethodAccessorImpl.invoke0(Native Method)
	at sun.reflect.NativeMethodAccessorImpl.invoke(NativeMethodAccessorImpl.java:62)
	at sun.reflect.DelegatingMethodAccessorImpl.invoke(DelegatingMethodAccessorImpl.java:43)
	at java.lang.reflect.Method.invoke(Method.java:498)
	at org.testng.internal.MethodInvocationHelper.invokeMethod(MethodInvocationHelper.java:134)
	at org.testng.internal.TestInvoker.invokeMethod(TestInvoker.java:597)
	at org.testng.internal.TestInvoker.invokeTestMethod(TestInvoker.java:173)
	at org.testng.internal.MethodRunner.runInSequence(MethodRunner.java:46)
	at org.testng.internal.TestInvoker$MethodInvocationAgent.invoke(TestInvoker.java:816)
	at org.testng.internal.TestInvoker.invokeTestMethods(TestInvoker.java:146)
	at org.testng.internal.TestMethodWorker.invokeTestMethods(TestMethodWorker.java:146)
	at org.testng.internal.TestMethodWorker.run(TestMethodWorker.java:128)
	at java.util.ArrayList.forEach(ArrayList.java:1257)
	at org.testng.TestRunner.privateRun(TestRunner.java:766)
	at org.testng.TestRunner.run(TestRunner.java:587)
	at org.testng.SuiteRunner.runTest(SuiteRunner.java:384)
	at org.testng.SuiteRunner.runSequentially(SuiteRunner.java:378)
	at org.testng.SuiteRunner.privateRun(SuiteRunner.java:337)
	at org.testng.SuiteRunner.run(SuiteRunner.java:286)
	at org.testng.SuiteRunnerWorker.runSuite(SuiteRunnerWorker.java:53)
	at org.testng.SuiteRunnerWorker.run(SuiteRunnerWorker.java:96)
	at org.testng.TestNG.runSuitesSequentially(TestNG.java:1187)
	at org.testng.TestNG.runSuitesLocally(TestNG.java:1109)
	at org.testng.TestNG.runSuites(TestNG.java:1039)
	at org.testng.TestNG.run(TestNG.java:1007)
	at org.gradle.api.internal.tasks.testing.testng.TestNGTestClassProcessor.runTests(TestNGTestClassProcessor.java:141)
	at org.gradle.api.internal.tasks.testing.testng.TestNGTestClassProcessor.stop(TestNGTestClassProcessor.java:90)
	at org.gradle.api.internal.tasks.testing.SuiteTestClassProcessor.stop(SuiteTestClassProcessor.java:61)
	at sun.reflect.NativeMethodAccessorImpl.invoke0(Native Method)
	at sun.reflect.NativeMethodAccessorImpl.invoke(NativeMethodAccessorImpl.java:62)
	at sun.reflect.DelegatingMethodAccessorImpl.invoke(DelegatingMethodAccessorImpl.java:43)
	at java.lang.reflect.Method.invoke(Method.java:498)
	at org.gradle.internal.dispatch.ReflectionDispatch.dispatch(ReflectionDispatch.java:35)
	at org.gradle.internal.dispatch.ReflectionDispatch.dispatch(ReflectionDispatch.java:24)
	at org.gradle.internal.dispatch.ContextClassLoaderDispatch.dispatch(ContextClassLoaderDispatch.java:32)
	at org.gradle.internal.dispatch.ProxyDispatchAdapter$DispatchingInvocationHandler.invoke(ProxyDispatchAdapter.java:93)
	at com.sun.proxy.$Proxy2.stop(Unknown Source)
	at org.gradle.api.internal.tasks.testing.worker.TestWorker.stop(TestWorker.java:132)
	at sun.reflect.NativeMethodAccessorImpl.invoke0(Native Method)
	at sun.reflect.NativeMethodAccessorImpl.invoke(NativeMethodAccessorImpl.java:62)
	at sun.reflect.DelegatingMethodAccessorImpl.invoke(DelegatingMethodAccessorImpl.java:43)
	at java.lang.reflect.Method.invoke(Method.java:498)
	at org.gradle.internal.dispatch.ReflectionDispatch.dispatch(ReflectionDispatch.java:35)
	at org.gradle.internal.dispatch.ReflectionDispatch.dispatch(ReflectionDispatch.java:24)
	at org.gradle.internal.remote.internal.hub.MessageHubBackedObjectConnection$DispatchWrapper.dispatch(MessageHubBackedObjectConnection.java:175)
	at org.gradle.internal.remote.internal.hub.MessageHubBackedObjectConnection$DispatchWrapper.dispatch(MessageHubBackedObjectConnection.java:157)
	at org.gradle.internal.remote.internal.hub.MessageHub$Handler.run(MessageHub.java:404)
	at org.gradle.internal.concurrent.ExecutorPolicy$CatchAndRecordFailures.onExecute(ExecutorPolicy.java:63)
	at org.gradle.internal.concurrent.ManagedExecutorImpl$1.run(ManagedExecutorImpl.java:46)
	at java.util.concurrent.ThreadPoolExecutor.runWorker(ThreadPoolExecutor.java:1149)
	at java.util.concurrent.ThreadPoolExecutor$Worker.run(ThreadPoolExecutor.java:624)
	at org.gradle.internal.concurrent.ThreadFactoryImpl$ManagedThreadRunnable.run(ThreadFactoryImpl.java:55)
	at java.lang.Thread.run(Thread.java:748)
java.lang.NullPointerException
	at mantis.appmanager.JamesHelper.write(JamesHelper.java:110)
	at mantis.appmanager.JamesHelper.initTelnetSession(JamesHelper.java:75)
	at mantis.appmanager.JamesHelper.createUser(JamesHelper.java:42)
	at mantis.tests.RegistrationTests.testRegistration(RegistrationTests.java:28)
	at sun.reflect.NativeMethodAccessorImpl.invoke0(Native Method)
	at sun.reflect.NativeMethodAccessorImpl.invoke(NativeMethodAccessorImpl.java:62)
	at sun.reflect.DelegatingMethodAccessorImpl.invoke(DelegatingMethodAccessorImpl.java:43)
	at java.lang.reflect.Method.invoke(Method.java:498)
	at org.testng.internal.MethodInvocationHelper.invokeMethod(MethodInvocationHelper.java:134)
	at org.testng.internal.TestInvoker.invokeMethod(TestInvoker.java:597)
	at org.testng.internal.TestInvoker.invokeTestMethod(TestInvoker.java:173)
	at org.testng.internal.MethodRunner.runInSequence(MethodRunner.java:46)
	at org.testng.internal.TestInvoker$MethodInvocationAgent.invoke(TestInvoker.java:816)
	at org.testng.internal.TestInvoker.invokeTestMethods(TestInvoker.java:146)
	at org.testng.internal.TestMethodWorker.invokeTestMethods(TestMethodWorker.java:146)
	at org.testng.internal.TestMethodWorker.run(TestMethodWorker.java:128)
	at java.util.ArrayList.forEach(ArrayList.java:1257)
	at org.testng.TestRunner.privateRun(TestRunner.java:766)
	at org.testng.TestRunner.run(TestRunner.java:587)
	at org.testng.SuiteRunner.runTest(SuiteRunner.java:384)
	at org.testng.SuiteRunner.runSequentially(SuiteRunner.java:378)
	at org.testng.SuiteRunner.privateRun(SuiteRunner.java:337)
	at org.testng.SuiteRunner.run(SuiteRunner.java:286)
	at org.testng.SuiteRunnerWorker.runSuite(SuiteRunnerWorker.java:53)
	at org.testng.SuiteRunnerWorker.run(SuiteRunnerWorker.java:96)
	at org.testng.TestNG.runSuitesSequentially(TestNG.java:1187)
	at org.testng.TestNG.runSuitesLocally(TestNG.java:1109)
	at org.testng.TestNG.runSuites(TestNG.java:1039)
	at org.testng.TestNG.run(TestNG.java:1007)
	at org.gradle.api.internal.tasks.testing.testng.TestNGTestClassProcessor.runTests(TestNGTestClassProcessor.java:141)
	at org.gradle.api.internal.tasks.testing.testng.TestNGTestClassProcessor.stop(TestNGTestClassProcessor.java:90)
	at org.gradle.api.internal.tasks.testing.SuiteTestClassProcessor.stop(SuiteTestClassProcessor.java:61)
	at sun.reflect.NativeMethodAccessorImpl.invoke0(Native Method)
	at sun.reflect.NativeMethodAccessorImpl.invoke(NativeMethodAccessorImpl.java:62)
	at sun.reflect.DelegatingMethodAccessorImpl.invoke(DelegatingMethodAccessorImpl.java:43)
	at java.lang.reflect.Method.invoke(Method.java:498)
	at org.gradle.internal.dispatch.ReflectionDispatch.dispatch(ReflectionDispatch.java:35)
	at org.gradle.internal.dispatch.ReflectionDispatch.dispatch(ReflectionDispatch.java:24)
	at org.gradle.internal.dispatch.ContextClassLoaderDispatch.dispatch(ContextClassLoaderDispatch.java:32)
	at org.gradle.internal.dispatch.ProxyDispatchAdapter$DispatchingInvocationHandler.invoke(ProxyDispatchAdapter.java:93)
	at com.sun.proxy.$Proxy2.stop(Unknown Source)
	at org.gradle.api.internal.tasks.testing.worker.TestWorker.stop(TestWorker.java:132)
	at sun.reflect.NativeMethodAccessorImpl.invoke0(Native Method)
	at sun.reflect.NativeMethodAccessorImpl.invoke(NativeMethodAccessorImpl.java:62)
	at sun.reflect.DelegatingMethodAccessorImpl.invoke(DelegatingMethodAccessorImpl.java:43)
	at java.lang.reflect.Method.invoke(Method.java:498)
	at org.gradle.internal.dispatch.ReflectionDispatch.dispatch(ReflectionDispatch.java:35)
	at org.gradle.internal.dispatch.ReflectionDispatch.dispatch(ReflectionDispatch.java:24)
	at org.gradle.internal.remote.internal.hub.MessageHubBackedObjectConnection$DispatchWrapper.dispatch(MessageHubBackedObjectConnection.java:175)
	at org.gradle.internal.remote.internal.hub.MessageHubBackedObjectConnection$DispatchWrapper.dispatch(MessageHubBackedObjectConnection.java:157)
	at org.gradle.internal.remote.internal.hub.MessageHub$Handler.run(MessageHub.java:404)
	at org.gradle.internal.concurrent.ExecutorPolicy$CatchAndRecordFailures.onExecute(ExecutorPolicy.java:63)
	at org.gradle.internal.concurrent.ManagedExecutorImpl$1.run(ManagedExecutorImpl.java:46)
	at java.util.concurrent.ThreadPoolExecutor.runWorker(ThreadPoolExecutor.java:1149)
	at java.util.concurrent.ThreadPoolExecutor$Worker.run(ThreadPoolExecutor.java:624)
	at org.gradle.internal.concurrent.ThreadFactoryImpl$ManagedThreadRunnable.run(ThreadFactoryImpl.java:55)
	at java.lang.Thread.run(Thread.java:748)
java.lang.NullPointerException
	at mantis.appmanager.JamesHelper.readUntil(JamesHelper.java:91)
	at mantis.appmanager.JamesHelper.initTelnetSession(JamesHelper.java:78)
	at mantis.appmanager.JamesHelper.createUser(JamesHelper.java:42)
	at mantis.tests.RegistrationTests.testRegistration(RegistrationTests.java:28)
	at sun.reflect.NativeMethodAccessorImpl.invoke0(Native Method)
	at sun.reflect.NativeMethodAccessorImpl.invoke(NativeMethodAccessorImpl.java:62)
	at sun.reflect.DelegatingMethodAccessorImpl.invoke(DelegatingMethodAccessorImpl.java:43)
	at java.lang.reflect.Method.invoke(Method.java:498)
	at org.testng.internal.MethodInvocationHelper.invokeMethod(MethodInvocationHelper.java:134)
	at org.testng.internal.TestInvoker.invokeMethod(TestInvoker.java:597)
	at org.testng.internal.TestInvoker.invokeTestMethod(TestInvoker.java:173)
	at org.testng.internal.MethodRunner.runInSequence(MethodRunner.java:46)
	at org.testng.internal.TestInvoker$MethodInvocationAgent.invoke(TestInvoker.java:816)
	at org.testng.internal.TestInvoker.invokeTestMethods(TestInvoker.java:146)
	at org.testng.internal.TestMethodWorker.invokeTestMethods(TestMethodWorker.java:146)
	at org.testng.internal.TestMethodWorker.run(TestMethodWorker.java:128)
	at java.util.ArrayList.forEach(ArrayList.java:1257)
	at org.testng.TestRunner.privateRun(TestRunner.java:766)
	at org.testng.TestRunner.run(TestRunner.java:587)
	at org.testng.SuiteRunner.runTest(SuiteRunner.java:384)
	at org.testng.SuiteRunner.runSequentially(SuiteRunner.java:378)
	at org.testng.SuiteRunner.privateRun(SuiteRunner.java:337)
	at org.testng.SuiteRunner.run(SuiteRunner.java:286)
	at org.testng.SuiteRunnerWorker.runSuite(SuiteRunnerWorker.java:53)
	at org.testng.SuiteRunnerWorker.run(SuiteRunnerWorker.java:96)
	at org.testng.TestNG.runSuitesSequentially(TestNG.java:1187)
	at org.testng.TestNG.runSuitesLocally(TestNG.java:1109)
	at org.testng.TestNG.runSuites(TestNG.java:1039)
	at org.testng.TestNG.run(TestNG.java:1007)
	at org.gradle.api.internal.tasks.testing.testng.TestNGTestClassProcessor.runTests(TestNGTestClassProcessor.java:141)
	at org.gradle.api.internal.tasks.testing.testng.TestNGTestClassProcessor.stop(TestNGTestClassProcessor.java:90)
	at org.gradle.api.internal.tasks.testing.SuiteTestClassProcessor.stop(SuiteTestClassProcessor.java:61)
	at sun.reflect.NativeMethodAccessorImpl.invoke0(Native Method)
	at sun.reflect.NativeMethodAccessorImpl.invoke(NativeMethodAccessorImpl.java:62)
	at sun.reflect.DelegatingMethodAccessorImpl.invoke(DelegatingMethodAccessorImpl.java:43)
	at java.lang.reflect.Method.invoke(Method.java:498)
	at org.gradle.internal.dispatch.ReflectionDispatch.dispatch(ReflectionDispatch.java:35)
	at org.gradle.internal.dispatch.ReflectionDispatch.dispatch(ReflectionDispatch.java:24)
	at org.gradle.internal.dispatch.ContextClassLoaderDispatch.dispatch(ContextClassLoaderDispatch.java:32)
	at org.gradle.internal.dispatch.ProxyDispatchAdapter$DispatchingInvocationHandler.invoke(ProxyDispatchAdapter.java:93)
	at com.sun.proxy.$Proxy2.stop(Unknown Source)
	at org.gradle.api.internal.tasks.testing.worker.TestWorker.stop(TestWorker.java:132)
	at sun.reflect.NativeMethodAccessorImpl.invoke0(Native Method)
	at sun.reflect.NativeMethodAccessorImpl.invoke(NativeMethodAccessorImpl.java:62)
	at sun.reflect.DelegatingMethodAccessorImpl.invoke(DelegatingMethodAccessorImpl.java:43)
	at java.lang.reflect.Method.invoke(Method.java:498)
	at org.gradle.internal.dispatch.ReflectionDispatch.dispatch(ReflectionDispatch.java:35)
	at org.gradle.internal.dispatch.ReflectionDispatch.dispatch(ReflectionDispatch.java:24)
	at org.gradle.internal.remote.internal.hub.MessageHubBackedObjectConnection$DispatchWrapper.dispatch(MessageHubBackedObjectConnection.java:175)
	at org.gradle.internal.remote.internal.hub.MessageHubBackedObjectConnection$DispatchWrapper.dispatch(MessageHubBackedObjectConnection.java:157)
	at org.gradle.internal.remote.internal.hub.MessageHub$Handler.run(MessageHub.java:404)
	at org.gradle.internal.concurrent.ExecutorPolicy$CatchAndRecordFailures.onExecute(ExecutorPolicy.java:63)
	at org.gradle.internal.concurrent.ManagedExecutorImpl$1.run(ManagedExecutorImpl.java:46)
	at java.util.concurrent.ThreadPoolExecutor.runWorker(ThreadPoolExecutor.java:1149)
	at java.util.concurrent.ThreadPoolExecutor$Worker.run(ThreadPoolExecutor.java:624)
	at org.gradle.internal.concurrent.ThreadFactoryImpl$ManagedThreadRunnable.run(ThreadFactoryImpl.java:55)
	at java.lang.Thread.run(Thread.java:748)
java.lang.NullPointerException
	at mantis.appmanager.JamesHelper.write(JamesHelper.java:110)
	at mantis.appmanager.JamesHelper.initTelnetSession(JamesHelper.java:79)
	at mantis.appmanager.JamesHelper.createUser(JamesHelper.java:42)
	at mantis.tests.RegistrationTests.testRegistration(RegistrationTests.java:28)
	at sun.reflect.NativeMethodAccessorImpl.invoke0(Native Method)
	at sun.reflect.NativeMethodAccessorImpl.invoke(NativeMethodAccessorImpl.java:62)
	at sun.reflect.DelegatingMethodAccessorImpl.invoke(DelegatingMethodAccessorImpl.java:43)
	at java.lang.reflect.Method.invoke(Method.java:498)
	at org.testng.internal.MethodInvocationHelper.invokeMethod(MethodInvocationHelper.java:134)
	at org.testng.internal.TestInvoker.invokeMethod(TestInvoker.java:597)
	at org.testng.internal.TestInvoker.invokeTestMethod(TestInvoker.java:173)
	at org.testng.internal.MethodRunner.runInSequence(MethodRunner.java:46)
	at org.testng.internal.TestInvoker$MethodInvocationAgent.invoke(TestInvoker.java:816)
	at org.testng.internal.TestInvoker.invokeTestMethods(TestInvoker.java:146)
	at org.testng.internal.TestMethodWorker.invokeTestMethods(TestMethodWorker.java:146)
	at org.testng.internal.TestMethodWorker.run(TestMethodWorker.java:128)
	at java.util.ArrayList.forEach(ArrayList.java:1257)
	at org.testng.TestRunner.privateRun(TestRunner.java:766)
	at org.testng.TestRunner.run(TestRunner.java:587)
	at org.testng.SuiteRunner.runTest(SuiteRunner.java:384)
	at org.testng.SuiteRunner.runSequentially(SuiteRunner.java:378)
	at org.testng.SuiteRunner.privateRun(SuiteRunner.java:337)
	at org.testng.SuiteRunner.run(SuiteRunner.java:286)
	at org.testng.SuiteRunnerWorker.runSuite(SuiteRunnerWorker.java:53)
	at org.testng.SuiteRunnerWorker.run(SuiteRunnerWorker.java:96)
	at org.testng.TestNG.runSuitesSequentially(TestNG.java:1187)
	at org.testng.TestNG.runSuitesLocally(TestNG.java:1109)
	at org.testng.TestNG.runSuites(TestNG.java:1039)
	at org.testng.TestNG.run(TestNG.java:1007)
	at org.gradle.api.internal.tasks.testing.testng.TestNGTestClassProcessor.runTests(TestNGTestClassProcessor.java:141)
	at org.gradle.api.internal.tasks.testing.testng.TestNGTestClassProcessor.stop(TestNGTestClassProcessor.java:90)
	at org.gradle.api.internal.tasks.testing.SuiteTestClassProcessor.stop(SuiteTestClassProcessor.java:61)
	at sun.reflect.NativeMethodAccessorImpl.invoke0(Native Method)
	at sun.reflect.NativeMethodAccessorImpl.invoke(NativeMethodAccessorImpl.java:62)
	at sun.reflect.DelegatingMethodAccessorImpl.invoke(DelegatingMethodAccessorImpl.java:43)
	at java.lang.reflect.Method.invoke(Method.java:498)
	at org.gradle.internal.dispatch.ReflectionDispatch.dispatch(ReflectionDispatch.java:35)
	at org.gradle.internal.dispatch.ReflectionDispatch.dispatch(ReflectionDispatch.java:24)
	at org.gradle.internal.dispatch.ContextClassLoaderDispatch.dispatch(ContextClassLoaderDispatch.java:32)
	at org.gradle.internal.dispatch.ProxyDispatchAdapter$DispatchingInvocationHandler.invoke(ProxyDispatchAdapter.java:93)
	at com.sun.proxy.$Proxy2.stop(Unknown Source)
	at org.gradle.api.internal.tasks.testing.worker.TestWorker.stop(TestWorker.java:132)
	at sun.reflect.NativeMethodAccessorImpl.invoke0(Native Method)
	at sun.reflect.NativeMethodAccessorImpl.invoke(NativeMethodAccessorImpl.java:62)
	at sun.reflect.DelegatingMethodAccessorImpl.invoke(DelegatingMethodAccessorImpl.java:43)
	at java.lang.reflect.Method.invoke(Method.java:498)
	at org.gradle.internal.dispatch.ReflectionDispatch.dispatch(ReflectionDispatch.java:35)
	at org.gradle.internal.dispatch.ReflectionDispatch.dispatch(ReflectionDispatch.java:24)
	at org.gradle.internal.remote.internal.hub.MessageHubBackedObjectConnection$DispatchWrapper.dispatch(MessageHubBackedObjectConnection.java:175)
	at org.gradle.internal.remote.internal.hub.MessageHubBackedObjectConnection$DispatchWrapper.dispatch(MessageHubBackedObjectConnection.java:157)
	at org.gradle.internal.remote.internal.hub.MessageHub$Handler.run(MessageHub.java:404)
	at org.gradle.internal.concurrent.ExecutorPolicy$CatchAndRecordFailures.onExecute(ExecutorPolicy.java:63)
	at org.gradle.internal.concurrent.ManagedExecutorImpl$1.run(ManagedExecutorImpl.java:46)
	at java.util.concurrent.ThreadPoolExecutor.runWorker(ThreadPoolExecutor.java:1149)
	at java.util.concurrent.ThreadPoolExecutor$Worker.run(ThreadPoolExecutor.java:624)
	at org.gradle.internal.concurrent.ThreadFactoryImpl$ManagedThreadRunnable.run(ThreadFactoryImpl.java:55)
	at java.lang.Thread.run(Thread.java:748)
java.lang.NullPointerException
	at mantis.appmanager.JamesHelper.readUntil(JamesHelper.java:91)
	at mantis.appmanager.JamesHelper.initTelnetSession(JamesHelper.java:80)
	at mantis.appmanager.JamesHelper.createUser(JamesHelper.java:42)
	at mantis.tests.RegistrationTests.testRegistration(RegistrationTests.java:28)
	at sun.reflect.NativeMethodAccessorImpl.invoke0(Native Method)
	at sun.reflect.NativeMethodAccessorImpl.invoke(NativeMethodAccessorImpl.java:62)
	at sun.reflect.DelegatingMethodAccessorImpl.invoke(DelegatingMethodAccessorImpl.java:43)
	at java.lang.reflect.Method.invoke(Method.java:498)
	at org.testng.internal.MethodInvocationHelper.invokeMethod(MethodInvocationHelper.java:134)
	at org.testng.internal.TestInvoker.invokeMethod(TestInvoker.java:597)
	at org.testng.internal.TestInvoker.invokeTestMethod(TestInvoker.java:173)
	at org.testng.internal.MethodRunner.runInSequence(MethodRunner.java:46)
	at org.testng.internal.TestInvoker$MethodInvocationAgent.invoke(TestInvoker.java:816)
	at org.testng.internal.TestInvoker.invokeTestMethods(TestInvoker.java:146)
	at org.testng.internal.TestMethodWorker.invokeTestMethods(TestMethodWorker.java:146)
	at org.testng.internal.TestMethodWorker.run(TestMethodWorker.java:128)
	at java.util.ArrayList.forEach(ArrayList.java:1257)
	at org.testng.TestRunner.privateRun(TestRunner.java:766)
	at org.testng.TestRunner.run(TestRunner.java:587)
	at org.testng.SuiteRunner.runTest(SuiteRunner.java:384)
	at org.testng.SuiteRunner.runSequentially(SuiteRunner.java:378)
	at org.testng.SuiteRunner.privateRun(SuiteRunner.java:337)
	at org.testng.SuiteRunner.run(SuiteRunner.java:286)
	at org.testng.SuiteRunnerWorker.runSuite(SuiteRunnerWorker.java:53)
	at org.testng.SuiteRunnerWorker.run(SuiteRunnerWorker.java:96)
	at org.testng.TestNG.runSuitesSequentially(TestNG.java:1187)
	at org.testng.TestNG.runSuitesLocally(TestNG.java:1109)
	at org.testng.TestNG.runSuites(TestNG.java:1039)
	at org.testng.TestNG.run(TestNG.java:1007)
	at org.gradle.api.internal.tasks.testing.testng.TestNGTestClassProcessor.runTests(TestNGTestClassProcessor.java:141)
	at org.gradle.api.internal.tasks.testing.testng.TestNGTestClassProcessor.stop(TestNGTestClassProcessor.java:90)
	at org.gradle.api.internal.tasks.testing.SuiteTestClassProcessor.stop(SuiteTestClassProcessor.java:61)
	at sun.reflect.NativeMethodAccessorImpl.invoke0(Native Method)
	at sun.reflect.NativeMethodAccessorImpl.invoke(NativeMethodAccessorImpl.java:62)
	at sun.reflect.DelegatingMethodAccessorImpl.invoke(DelegatingMethodAccessorImpl.java:43)
	at java.lang.reflect.Method.invoke(Method.java:498)
	at org.gradle.internal.dispatch.ReflectionDispatch.dispatch(ReflectionDispatch.java:35)
	at org.gradle.internal.dispatch.ReflectionDispatch.dispatch(ReflectionDispatch.java:24)
	at org.gradle.internal.dispatch.ContextClassLoaderDispatch.dispatch(ContextClassLoaderDispatch.java:32)
	at org.gradle.internal.dispatch.ProxyDispatchAdapter$DispatchingInvocationHandler.invoke(ProxyDispatchAdapter.java:93)
	at com.sun.proxy.$Proxy2.stop(Unknown Source)
	at org.gradle.api.internal.tasks.testing.worker.TestWorker.stop(TestWorker.java:132)
	at sun.reflect.NativeMethodAccessorImpl.invoke0(Native Method)
	at sun.reflect.NativeMethodAccessorImpl.invoke(NativeMethodAccessorImpl.java:62)
	at sun.reflect.DelegatingMethodAccessorImpl.invoke(DelegatingMethodAccessorImpl.java:43)
	at java.lang.reflect.Method.invoke(Method.java:498)
	at org.gradle.internal.dispatch.ReflectionDispatch.dispatch(ReflectionDispatch.java:35)
	at org.gradle.internal.dispatch.ReflectionDispatch.dispatch(ReflectionDispatch.java:24)
	at org.gradle.internal.remote.internal.hub.MessageHubBackedObjectConnection$DispatchWrapper.dispatch(MessageHubBackedObjectConnection.java:175)
	at org.gradle.internal.remote.internal.hub.MessageHubBackedObjectConnection$DispatchWrapper.dispatch(MessageHubBackedObjectConnection.java:157)
	at org.gradle.internal.remote.internal.hub.MessageHub$Handler.run(MessageHub.java:404)
	at org.gradle.internal.concurrent.ExecutorPolicy$CatchAndRecordFailures.onExecute(ExecutorPolicy.java:63)
	at org.gradle.internal.concurrent.ManagedExecutorImpl$1.run(ManagedExecutorImpl.java:46)
	at java.util.concurrent.ThreadPoolExecutor.runWorker(ThreadPoolExecutor.java:1149)
	at java.util.concurrent.ThreadPoolExecutor$Worker.run(ThreadPoolExecutor.java:624)
	at org.gradle.internal.concurrent.ThreadFactoryImpl$ManagedThreadRunnable.run(ThreadFactoryImpl.java:55)
	at java.lang.Thread.run(Thread.java:748)
java.lang.NullPointerException
	at mantis.appmanager.JamesHelper.write(JamesHelper.java:110)
	at mantis.appmanager.JamesHelper.initTelnetSession(JamesHelper.java:81)
	at mantis.appmanager.JamesHelper.createUser(JamesHelper.java:42)
	at mantis.tests.RegistrationTests.testRegistration(RegistrationTests.java:28)
	at sun.reflect.NativeMethodAccessorImpl.invoke0(Native Method)
	at sun.reflect.NativeMethodAccessorImpl.invoke(NativeMethodAccessorImpl.java:62)
	at sun.reflect.DelegatingMethodAccessorImpl.invoke(DelegatingMethodAccessorImpl.java:43)
	at java.lang.reflect.Method.invoke(Method.java:498)
	at org.testng.internal.MethodInvocationHelper.invokeMethod(MethodInvocationHelper.java:134)
	at org.testng.internal.TestInvoker.invokeMethod(TestInvoker.java:597)
	at org.testng.internal.TestInvoker.invokeTestMethod(TestInvoker.java:173)
	at org.testng.internal.MethodRunner.runInSequence(MethodRunner.java:46)
	at org.testng.internal.TestInvoker$MethodInvocationAgent.invoke(TestInvoker.java:816)
	at org.testng.internal.TestInvoker.invokeTestMethods(TestInvoker.java:146)
	at org.testng.internal.TestMethodWorker.invokeTestMethods(TestMethodWorker.java:146)
	at org.testng.internal.TestMethodWorker.run(TestMethodWorker.java:128)
	at java.util.ArrayList.forEach(ArrayList.java:1257)
	at org.testng.TestRunner.privateRun(TestRunner.java:766)
	at org.testng.TestRunner.run(TestRunner.java:587)
	at org.testng.SuiteRunner.runTest(SuiteRunner.java:384)
	at org.testng.SuiteRunner.runSequentially(SuiteRunner.java:378)
	at org.testng.SuiteRunner.privateRun(SuiteRunner.java:337)
	at org.testng.SuiteRunner.run(SuiteRunner.java:286)
	at org.testng.SuiteRunnerWorker.runSuite(SuiteRunnerWorker.java:53)
	at org.testng.SuiteRunnerWorker.run(SuiteRunnerWorker.java:96)
	at org.testng.TestNG.runSuitesSequentially(TestNG.java:1187)
	at org.testng.TestNG.runSuitesLocally(TestNG.java:1109)
	at org.testng.TestNG.runSuites(TestNG.java:1039)
	at org.testng.TestNG.run(TestNG.java:1007)
	at org.gradle.api.internal.tasks.testing.testng.TestNGTestClassProcessor.runTests(TestNGTestClassProcessor.java:141)
	at org.gradle.api.internal.tasks.testing.testng.TestNGTestClassProcessor.stop(TestNGTestClassProcessor.java:90)
	at org.gradle.api.internal.tasks.testing.SuiteTestClassProcessor.stop(SuiteTestClassProcessor.java:61)
	at sun.reflect.NativeMethodAccessorImpl.invoke0(Native Method)
	at sun.reflect.NativeMethodAccessorImpl.invoke(NativeMethodAccessorImpl.java:62)
	at sun.reflect.DelegatingMethodAccessorImpl.invoke(DelegatingMethodAccessorImpl.java:43)
	at java.lang.reflect.Method.invoke(Method.java:498)
	at org.gradle.internal.dispatch.ReflectionDispatch.dispatch(ReflectionDispatch.java:35)
	at org.gradle.internal.dispatch.ReflectionDispatch.dispatch(ReflectionDispatch.java:24)
	at org.gradle.internal.dispatch.ContextClassLoaderDispatch.dispatch(ContextClassLoaderDispatch.java:32)
	at org.gradle.internal.dispatch.ProxyDispatchAdapter$DispatchingInvocationHandler.invoke(ProxyDispatchAdapter.java:93)
	at com.sun.proxy.$Proxy2.stop(Unknown Source)
	at org.gradle.api.internal.tasks.testing.worker.TestWorker.stop(TestWorker.java:132)
	at sun.reflect.NativeMethodAccessorImpl.invoke0(Native Method)
	at sun.reflect.NativeMethodAccessorImpl.invoke(NativeMethodAccessorImpl.java:62)
	at sun.reflect.DelegatingMethodAccessorImpl.invoke(DelegatingMethodAccessorImpl.java:43)
	at java.lang.reflect.Method.invoke(Method.java:498)
	at org.gradle.internal.dispatch.ReflectionDispatch.dispatch(ReflectionDispatch.java:35)
	at org.gradle.internal.dispatch.ReflectionDispatch.dispatch(ReflectionDispatch.java:24)
	at org.gradle.internal.remote.internal.hub.MessageHubBackedObjectConnection$DispatchWrapper.dispatch(MessageHubBackedObjectConnection.java:175)
	at org.gradle.internal.remote.internal.hub.MessageHubBackedObjectConnection$DispatchWrapper.dispatch(MessageHubBackedObjectConnection.java:157)
	at org.gradle.internal.remote.internal.hub.MessageHub$Handler.run(MessageHub.java:404)
	at org.gradle.internal.concurrent.ExecutorPolicy$CatchAndRecordFailures.onExecute(ExecutorPolicy.java:63)
	at org.gradle.internal.concurrent.ManagedExecutorImpl$1.run(ManagedExecutorImpl.java:46)
	at java.util.concurrent.ThreadPoolExecutor.runWorker(ThreadPoolExecutor.java:1149)
	at java.util.concurrent.ThreadPoolExecutor$Worker.run(ThreadPoolExecutor.java:624)
	at org.gradle.internal.concurrent.ThreadFactoryImpl$ManagedThreadRunnable.run(ThreadFactoryImpl.java:55)
	at java.lang.Thread.run(Thread.java:748)
java.lang.NullPointerException
	at mantis.appmanager.JamesHelper.readUntil(JamesHelper.java:91)
	at mantis.appmanager.JamesHelper.initTelnetSession(JamesHelper.java:84)
	at mantis.appmanager.JamesHelper.createUser(JamesHelper.java:42)
	at mantis.tests.RegistrationTests.testRegistration(RegistrationTests.java:28)
	at sun.reflect.NativeMethodAccessorImpl.invoke0(Native Method)
	at sun.reflect.NativeMethodAccessorImpl.invoke(NativeMethodAccessorImpl.java:62)
	at sun.reflect.DelegatingMethodAccessorImpl.invoke(DelegatingMethodAccessorImpl.java:43)
	at java.lang.reflect.Method.invoke(Method.java:498)
	at org.testng.internal.MethodInvocationHelper.invokeMethod(MethodInvocationHelper.java:134)
	at org.testng.internal.TestInvoker.invokeMethod(TestInvoker.java:597)
	at org.testng.internal.TestInvoker.invokeTestMethod(TestInvoker.java:173)
	at org.testng.internal.MethodRunner.runInSequence(MethodRunner.java:46)
	at org.testng.internal.TestInvoker$MethodInvocationAgent.invoke(TestInvoker.java:816)
	at org.testng.internal.TestInvoker.invokeTestMethods(TestInvoker.java:146)
	at org.testng.internal.TestMethodWorker.invokeTestMethods(TestMethodWorker.java:146)
	at org.testng.internal.TestMethodWorker.run(TestMethodWorker.java:128)
	at java.util.ArrayList.forEach(ArrayList.java:1257)
	at org.testng.TestRunner.privateRun(TestRunner.java:766)
	at org.testng.TestRunner.run(TestRunner.java:587)
	at org.testng.SuiteRunner.runTest(SuiteRunner.java:384)
	at org.testng.SuiteRunner.runSequentially(SuiteRunner.java:378)
	at org.testng.SuiteRunner.privateRun(SuiteRunner.java:337)
	at org.testng.SuiteRunner.run(SuiteRunner.java:286)
	at org.testng.SuiteRunnerWorker.runSuite(SuiteRunnerWorker.java:53)
	at org.testng.SuiteRunnerWorker.run(SuiteRunnerWorker.java:96)
	at org.testng.TestNG.runSuitesSequentially(TestNG.java:1187)
	at org.testng.TestNG.runSuitesLocally(TestNG.java:1109)
	at org.testng.TestNG.runSuites(TestNG.java:1039)
	at org.testng.TestNG.run(TestNG.java:1007)
	at org.gradle.api.internal.tasks.testing.testng.TestNGTestClassProcessor.runTests(TestNGTestClassProcessor.java:141)
	at org.gradle.api.internal.tasks.testing.testng.TestNGTestClassProcessor.stop(TestNGTestClassProcessor.java:90)
	at org.gradle.api.internal.tasks.testing.SuiteTestClassProcessor.stop(SuiteTestClassProcessor.java:61)
	at sun.reflect.NativeMethodAccessorImpl.invoke0(Native Method)
	at sun.reflect.NativeMethodAccessorImpl.invoke(NativeMethodAccessorImpl.java:62)
	at sun.reflect.DelegatingMethodAccessorImpl.invoke(DelegatingMethodAccessorImpl.java:43)
	at java.lang.reflect.Method.invoke(Method.java:498)
	at org.gradle.internal.dispatch.ReflectionDispatch.dispatch(ReflectionDispatch.java:35)
	at org.gradle.internal.dispatch.ReflectionDispatch.dispatch(ReflectionDispatch.java:24)
	at org.gradle.internal.dispatch.ContextClassLoaderDispatch.dispatch(ContextClassLoaderDispatch.java:32)
	at org.gradle.internal.dispatch.ProxyDispatchAdapter$DispatchingInvocationHandler.invoke(ProxyDispatchAdapter.java:93)
	at com.sun.proxy.$Proxy2.stop(Unknown Source)
	at org.gradle.api.internal.tasks.testing.worker.TestWorker.stop(TestWorker.java:132)
	at sun.reflect.NativeMethodAccessorImpl.invoke0(Native Method)
	at sun.reflect.NativeMethodAccessorImpl.invoke(NativeMethodAccessorImpl.java:62)
	at sun.reflect.DelegatingMethodAccessorImpl.invoke(DelegatingMethodAccessorImpl.java:43)
	at java.lang.reflect.Method.invoke(Method.java:498)
	at org.gradle.internal.dispatch.ReflectionDispatch.dispatch(ReflectionDispatch.java:35)
	at org.gradle.internal.dispatch.ReflectionDispatch.dispatch(ReflectionDispatch.java:24)
	at org.gradle.internal.remote.internal.hub.MessageHubBackedObjectConnection$DispatchWrapper.dispatch(MessageHubBackedObjectConnection.java:175)
	at org.gradle.internal.remote.internal.hub.MessageHubBackedObjectConnection$DispatchWrapper.dispatch(MessageHubBackedObjectConnection.java:157)
	at org.gradle.internal.remote.internal.hub.MessageHub$Handler.run(MessageHub.java:404)
	at org.gradle.internal.concurrent.ExecutorPolicy$CatchAndRecordFailures.onExecute(ExecutorPolicy.java:63)
	at org.gradle.internal.concurrent.ManagedExecutorImpl$1.run(ManagedExecutorImpl.java:46)
	at java.util.concurrent.ThreadPoolExecutor.runWorker(ThreadPoolExecutor.java:1149)
	at java.util.concurrent.ThreadPoolExecutor$Worker.run(ThreadPoolExecutor.java:624)
	at org.gradle.internal.concurrent.ThreadFactoryImpl$ManagedThreadRunnable.run(ThreadFactoryImpl.java:55)
	at java.lang.Thread.run(Thread.java:748)
java.lang.NullPointerException
	at mantis.appmanager.JamesHelper.write(JamesHelper.java:110)
	at mantis.appmanager.JamesHelper.createUser(JamesHelper.java:43)
	at mantis.tests.RegistrationTests.testRegistration(RegistrationTests.java:28)
	at sun.reflect.NativeMethodAccessorImpl.invoke0(Native Method)
	at sun.reflect.NativeMethodAccessorImpl.invoke(NativeMethodAccessorImpl.java:62)
	at sun.reflect.DelegatingMethodAccessorImpl.invoke(DelegatingMethodAccessorImpl.java:43)
	at java.lang.reflect.Method.invoke(Method.java:498)
	at org.testng.internal.MethodInvocationHelper.invokeMethod(MethodInvocationHelper.java:134)
	at org.testng.internal.TestInvoker.invokeMethod(TestInvoker.java:597)
	at org.testng.internal.TestInvoker.invokeTestMethod(TestInvoker.java:173)
	at org.testng.internal.MethodRunner.runInSequence(MethodRunner.java:46)
	at org.testng.internal.TestInvoker$MethodInvocationAgent.invoke(TestInvoker.java:816)
	at org.testng.internal.TestInvoker.invokeTestMethods(TestInvoker.java:146)
	at org.testng.internal.TestMethodWorker.invokeTestMethods(TestMethodWorker.java:146)
	at org.testng.internal.TestMethodWorker.run(TestMethodWorker.java:128)
	at java.util.ArrayList.forEach(ArrayList.java:1257)
	at org.testng.TestRunner.privateRun(TestRunner.java:766)
	at org.testng.TestRunner.run(TestRunner.java:587)
	at org.testng.SuiteRunner.runTest(SuiteRunner.java:384)
	at org.testng.SuiteRunner.runSequentially(SuiteRunner.java:378)
	at org.testng.SuiteRunner.privateRun(SuiteRunner.java:337)
	at org.testng.SuiteRunner.run(SuiteRunner.java:286)
	at org.testng.SuiteRunnerWorker.runSuite(SuiteRunnerWorker.java:53)
	at org.testng.SuiteRunnerWorker.run(SuiteRunnerWorker.java:96)
	at org.testng.TestNG.runSuitesSequentially(TestNG.java:1187)
	at org.testng.TestNG.runSuitesLocally(TestNG.java:1109)
	at org.testng.TestNG.runSuites(TestNG.java:1039)
	at org.testng.TestNG.run(TestNG.java:1007)
	at org.gradle.api.internal.tasks.testing.testng.TestNGTestClassProcessor.runTests(TestNGTestClassProcessor.java:141)
	at org.gradle.api.internal.tasks.testing.testng.TestNGTestClassProcessor.stop(TestNGTestClassProcessor.java:90)
	at org.gradle.api.internal.tasks.testing.SuiteTestClassProcessor.stop(SuiteTestClassProcessor.java:61)
	at sun.reflect.NativeMethodAccessorImpl.invoke0(Native Method)
	at sun.reflect.NativeMethodAccessorImpl.invoke(NativeMethodAccessorImpl.java:62)
	at sun.reflect.DelegatingMethodAccessorImpl.invoke(DelegatingMethodAccessorImpl.java:43)
	at java.lang.reflect.Method.invoke(Method.java:498)
	at org.gradle.internal.dispatch.ReflectionDispatch.dispatch(ReflectionDispatch.java:35)
	at org.gradle.internal.dispatch.ReflectionDispatch.dispatch(ReflectionDispatch.java:24)
	at org.gradle.internal.dispatch.ContextClassLoaderDispatch.dispatch(ContextClassLoaderDispatch.java:32)
	at org.gradle.internal.dispatch.ProxyDispatchAdapter$DispatchingInvocationHandler.invoke(ProxyDispatchAdapter.java:93)
	at com.sun.proxy.$Proxy2.stop(Unknown Source)
	at org.gradle.api.internal.tasks.testing.worker.TestWorker.stop(TestWorker.java:132)
	at sun.reflect.NativeMethodAccessorImpl.invoke0(Native Method)
	at sun.reflect.NativeMethodAccessorImpl.invoke(NativeMethodAccessorImpl.java:62)
	at sun.reflect.DelegatingMethodAccessorImpl.invoke(DelegatingMethodAccessorImpl.java:43)
	at java.lang.reflect.Method.invoke(Method.java:498)
	at org.gradle.internal.dispatch.ReflectionDispatch.dispatch(ReflectionDispatch.java:35)
	at org.gradle.internal.dispatch.ReflectionDispatch.dispatch(ReflectionDispatch.java:24)
	at org.gradle.internal.remote.internal.hub.MessageHubBackedObjectConnection$DispatchWrapper.dispatch(MessageHubBackedObjectConnection.java:175)
	at org.gradle.internal.remote.internal.hub.MessageHubBackedObjectConnection$DispatchWrapper.dispatch(MessageHubBackedObjectConnection.java:157)
	at org.gradle.internal.remote.internal.hub.MessageHub$Handler.run(MessageHub.java:404)
	at org.gradle.internal.concurrent.ExecutorPolicy$CatchAndRecordFailures.onExecute(ExecutorPolicy.java:63)
	at org.gradle.internal.concurrent.ManagedExecutorImpl$1.run(ManagedExecutorImpl.java:46)
	at java.util.concurrent.ThreadPoolExecutor.runWorker(ThreadPoolExecutor.java:1149)
	at java.util.concurrent.ThreadPoolExecutor$Worker.run(ThreadPoolExecutor.java:624)
	at org.gradle.internal.concurrent.ThreadFactoryImpl$ManagedThreadRunnable.run(ThreadFactoryImpl.java:55)
	at java.lang.Thread.run(Thread.java:748)
java.lang.NullPointerException
	at mantis.appmanager.JamesHelper.readUntil(JamesHelper.java:91)
	at mantis.appmanager.JamesHelper.createUser(JamesHelper.java:44)
	at mantis.tests.RegistrationTests.testRegistration(RegistrationTests.java:28)
	at sun.reflect.NativeMethodAccessorImpl.invoke0(Native Method)
	at sun.reflect.NativeMethodAccessorImpl.invoke(NativeMethodAccessorImpl.java:62)
	at sun.reflect.DelegatingMethodAccessorImpl.invoke(DelegatingMethodAccessorImpl.java:43)
	at java.lang.reflect.Method.invoke(Method.java:498)
	at org.testng.internal.MethodInvocationHelper.invokeMethod(MethodInvocationHelper.java:134)
	at org.testng.internal.TestInvoker.invokeMethod(TestInvoker.java:597)
	at org.testng.internal.TestInvoker.invokeTestMethod(TestInvoker.java:173)
	at org.testng.internal.MethodRunner.runInSequence(MethodRunner.java:46)
	at org.testng.internal.TestInvoker$MethodInvocationAgent.invoke(TestInvoker.java:816)
	at org.testng.internal.TestInvoker.invokeTestMethods(TestInvoker.java:146)
	at org.testng.internal.TestMethodWorker.invokeTestMethods(TestMethodWorker.java:146)
	at org.testng.internal.TestMethodWorker.run(TestMethodWorker.java:128)
	at java.util.ArrayList.forEach(ArrayList.java:1257)
	at org.testng.TestRunner.privateRun(TestRunner.java:766)
	at org.testng.TestRunner.run(TestRunner.java:587)
	at org.testng.SuiteRunner.runTest(SuiteRunner.java:384)
	at org.testng.SuiteRunner.runSequentially(SuiteRunner.java:378)
	at org.testng.SuiteRunner.privateRun(SuiteRunner.java:337)
	at org.testng.SuiteRunner.run(SuiteRunner.java:286)
	at org.testng.SuiteRunnerWorker.runSuite(SuiteRunnerWorker.java:53)
	at org.testng.SuiteRunnerWorker.run(SuiteRunnerWorker.java:96)
	at org.testng.TestNG.runSuitesSequentially(TestNG.java:1187)
	at org.testng.TestNG.runSuitesLocally(TestNG.java:1109)
	at org.testng.TestNG.runSuites(TestNG.java:1039)
	at org.testng.TestNG.run(TestNG.java:1007)
	at org.gradle.api.internal.tasks.testing.testng.TestNGTestClassProcessor.runTests(TestNGTestClassProcessor.java:141)
	at org.gradle.api.internal.tasks.testing.testng.TestNGTestClassProcessor.stop(TestNGTestClassProcessor.java:90)
	at org.gradle.api.internal.tasks.testing.SuiteTestClassProcessor.stop(SuiteTestClassProcessor.java:61)
	at sun.reflect.NativeMethodAccessorImpl.invoke0(Native Method)
	at sun.reflect.NativeMethodAccessorImpl.invoke(NativeMethodAccessorImpl.java:62)
	at sun.reflect.DelegatingMethodAccessorImpl.invoke(DelegatingMethodAccessorImpl.java:43)
	at java.lang.reflect.Method.invoke(Method.java:498)
	at org.gradle.internal.dispatch.ReflectionDispatch.dispatch(ReflectionDispatch.java:35)
	at org.gradle.internal.dispatch.ReflectionDispatch.dispatch(ReflectionDispatch.java:24)
	at org.gradle.internal.dispatch.ContextClassLoaderDispatch.dispatch(ContextClassLoaderDispatch.java:32)
	at org.gradle.internal.dispatch.ProxyDispatchAdapter$DispatchingInvocationHandler.invoke(ProxyDispatchAdapter.java:93)
	at com.sun.proxy.$Proxy2.stop(Unknown Source)
	at org.gradle.api.internal.tasks.testing.worker.TestWorker.stop(TestWorker.java:132)
	at sun.reflect.NativeMethodAccessorImpl.invoke0(Native Method)
	at sun.reflect.NativeMethodAccessorImpl.invoke(NativeMethodAccessorImpl.java:62)
	at sun.reflect.DelegatingMethodAccessorImpl.invoke(DelegatingMethodAccessorImpl.java:43)
	at java.lang.reflect.Method.invoke(Method.java:498)
	at org.gradle.internal.dispatch.ReflectionDispatch.dispatch(ReflectionDispatch.java:35)
	at org.gradle.internal.dispatch.ReflectionDispatch.dispatch(ReflectionDispatch.java:24)
	at org.gradle.internal.remote.internal.hub.MessageHubBackedObjectConnection$DispatchWrapper.dispatch(MessageHubBackedObjectConnection.java:175)
	at org.gradle.internal.remote.internal.hub.MessageHubBackedObjectConnection$DispatchWrapper.dispatch(MessageHubBackedObjectConnection.java:157)
	at org.gradle.internal.remote.internal.hub.MessageHub$Handler.run(MessageHub.java:404)
	at org.gradle.internal.concurrent.ExecutorPolicy$CatchAndRecordFailures.onExecute(ExecutorPolicy.java:63)
	at org.gradle.internal.concurrent.ManagedExecutorImpl$1.run(ManagedExecutorImpl.java:46)
	at java.util.concurrent.ThreadPoolExecutor.runWorker(ThreadPoolExecutor.java:1149)
	at java.util.concurrent.ThreadPoolExecutor$Worker.run(ThreadPoolExecutor.java:624)
	at org.gradle.internal.concurrent.ThreadFactoryImpl$ManagedThreadRunnable.run(ThreadFactoryImpl.java:55)
	at java.lang.Thread.run(Thread.java:748)
java.lang.NullPointerException
	at mantis.appmanager.JamesHelper.write(JamesHelper.java:110)
	at mantis.appmanager.JamesHelper.closeTelnetSession(JamesHelper.java:120)
	at mantis.appmanager.JamesHelper.createUser(JamesHelper.java:45)
	at mantis.tests.RegistrationTests.testRegistration(RegistrationTests.java:28)
	at sun.reflect.NativeMethodAccessorImpl.invoke0(Native Method)
	at sun.reflect.NativeMethodAccessorImpl.invoke(NativeMethodAccessorImpl.java:62)
	at sun.reflect.DelegatingMethodAccessorImpl.invoke(DelegatingMethodAccessorImpl.java:43)
	at java.lang.reflect.Method.invoke(Method.java:498)
	at org.testng.internal.MethodInvocationHelper.invokeMethod(MethodInvocationHelper.java:134)
	at org.testng.internal.TestInvoker.invokeMethod(TestInvoker.java:597)
	at org.testng.internal.TestInvoker.invokeTestMethod(TestInvoker.java:173)
	at org.testng.internal.MethodRunner.runInSequence(MethodRunner.java:46)
	at org.testng.internal.TestInvoker$MethodInvocationAgent.invoke(TestInvoker.java:816)
	at org.testng.internal.TestInvoker.invokeTestMethods(TestInvoker.java:146)
	at org.testng.internal.TestMethodWorker.invokeTestMethods(TestMethodWorker.java:146)
	at org.testng.internal.TestMethodWorker.run(TestMethodWorker.java:128)
	at java.util.ArrayList.forEach(ArrayList.java:1257)
	at org.testng.TestRunner.privateRun(TestRunner.java:766)
	at org.testng.TestRunner.run(TestRunner.java:587)
	at org.testng.SuiteRunner.runTest(SuiteRunner.java:384)
	at org.testng.SuiteRunner.runSequentially(SuiteRunner.java:378)
	at org.testng.SuiteRunner.privateRun(SuiteRunner.java:337)
	at org.testng.SuiteRunner.run(SuiteRunner.java:286)
	at org.testng.SuiteRunnerWorker.runSuite(SuiteRunnerWorker.java:53)
	at org.testng.SuiteRunnerWorker.run(SuiteRunnerWorker.java:96)
	at org.testng.TestNG.runSuitesSequentially(TestNG.java:1187)
	at org.testng.TestNG.runSuitesLocally(TestNG.java:1109)
	at org.testng.TestNG.runSuites(TestNG.java:1039)
	at org.testng.TestNG.run(TestNG.java:1007)
	at org.gradle.api.internal.tasks.testing.testng.TestNGTestClassProcessor.runTests(TestNGTestClassProcessor.java:141)
	at org.gradle.api.internal.tasks.testing.testng.TestNGTestClassProcessor.stop(TestNGTestClassProcessor.java:90)
	at org.gradle.api.internal.tasks.testing.SuiteTestClassProcessor.stop(SuiteTestClassProcessor.java:61)
	at sun.reflect.NativeMethodAccessorImpl.invoke0(Native Method)
	at sun.reflect.NativeMethodAccessorImpl.invoke(NativeMethodAccessorImpl.java:62)
	at sun.reflect.DelegatingMethodAccessorImpl.invoke(DelegatingMethodAccessorImpl.java:43)
	at java.lang.reflect.Method.invoke(Method.java:498)
	at org.gradle.internal.dispatch.ReflectionDispatch.dispatch(ReflectionDispatch.java:35)
	at org.gradle.internal.dispatch.ReflectionDispatch.dispatch(ReflectionDispatch.java:24)
	at org.gradle.internal.dispatch.ContextClassLoaderDispatch.dispatch(ContextClassLoaderDispatch.java:32)
	at org.gradle.internal.dispatch.ProxyDispatchAdapter$DispatchingInvocationHandler.invoke(ProxyDispatchAdapter.java:93)
	at com.sun.proxy.$Proxy2.stop(Unknown Source)
	at org.gradle.api.internal.tasks.testing.worker.TestWorker.stop(TestWorker.java:132)
	at sun.reflect.NativeMethodAccessorImpl.invoke0(Native Method)
	at sun.reflect.NativeMethodAccessorImpl.invoke(NativeMethodAccessorImpl.java:62)
	at sun.reflect.DelegatingMethodAccessorImpl.invoke(DelegatingMethodAccessorImpl.java:43)
	at java.lang.reflect.Method.invoke(Method.java:498)
	at org.gradle.internal.dispatch.ReflectionDispatch.dispatch(ReflectionDispatch.java:35)
	at org.gradle.internal.dispatch.ReflectionDispatch.dispatch(ReflectionDispatch.java:24)
	at org.gradle.internal.remote.internal.hub.MessageHubBackedObjectConnection$DispatchWrapper.dispatch(MessageHubBackedObjectConnection.java:175)
	at org.gradle.internal.remote.internal.hub.MessageHubBackedObjectConnection$DispatchWrapper.dispatch(MessageHubBackedObjectConnection.java:157)
	at org.gradle.internal.remote.internal.hub.MessageHub$Handler.run(MessageHub.java:404)
	at org.gradle.internal.concurrent.ExecutorPolicy$CatchAndRecordFailures.onExecute(ExecutorPolicy.java:63)
	at org.gradle.internal.concurrent.ManagedExecutorImpl$1.run(ManagedExecutorImpl.java:46)
	at java.util.concurrent.ThreadPoolExecutor.runWorker(ThreadPoolExecutor.java:1149)
	at java.util.concurrent.ThreadPoolExecutor$Worker.run(ThreadPoolExecutor.java:624)
	at org.gradle.internal.concurrent.ThreadFactoryImpl$ManagedThreadRunnable.run(ThreadFactoryImpl.java:55)
	at java.lang.Thread.run(Thread.java:748)
Starting ChromeDriver 80.0.3987.106 (f68069574609230cf9b635cd784cfb1bf81bb53a-refs/branch-heads/3987@{#882}) on port 4083
Only local connections are allowed.
Please protect ports used by ChromeDriver and related test frameworks to prevent access by malicious code.
Apr 04, 2020 2:52:25 PM org.openqa.selenium.remote.ProtocolHandshake createSession
INFO: Detected dialect: W3C
[1586004746.527][SEVERE]: Timed out receiving message from renderer: 0.100
[1586004746.632][SEVERE]: Timed out receiving message from renderer: 0.100
[1586004746.734][SEVERE]: Timed out receiving message from renderer: 0.100
[1586004746.864][SEVERE]: Timed out receiving message from renderer: 0.100
[1586004747.251][SEVERE]: Timed out receiving message from renderer: 0.100
[1586004748.935][SEVERE]: Timed out receiving message from renderer: 0.100
]]></system-err>
</testsuite>
